This file contains any messages produced by compilers while
running configure, to aid debugging if configure makes a mistake.

It was created by libnftnl configure 1.2.6, which was
generated by GNU Autoconf 2.69.  Invocation command line was

  $ ./configure --target=mips-openwrt-linux --host=mips-openwrt-linux --build=x86_64-pc-linux-gnu --disable-dependency-tracking --program-prefix= --program-suffix= --prefix=/usr --exec-prefix=/usr --bindir=/usr/bin --sbindir=/usr/sbin --libexecdir=/usr/lib --sysconfdir=/etc --datadir=/usr/share --localstatedir=/var --mandir=/usr/man --infodir=/usr/info --enable-static --enable-shared

## --------- ##
## Platform. ##
## --------- ##

hostname = eez221
uname -m = x86_64
uname -r = 5.15.0-119-generic
uname -s = Linux
uname -v = #129-Ubuntu SMP Fri Aug 2 19:25:20 UTC 2024

/usr/bin/uname -p = x86_64
/bin/uname -X     = unknown

/bin/arch              = x86_64
/usr/bin/arch -k       = unknown
/usr/convex/getsysinfo = unknown
/usr/bin/hostinfo      = unknown
/bin/machine           = unknown
/usr/bin/oslevel       = unknown
/bin/universe          = unknown

PATH: /mnt/md0/miranda/openwrt/staging_dir/target-mips_24kc_musl/host/bin
PATH: /mnt/md0/miranda/openwrt/staging_dir/hostpkg/bin
PATH: /mnt/md0/miranda/openwrt/staging_dir/toolchain-mips_24kc_gcc-12.3.0_musl/bin
PATH: /mnt/md0/miranda/openwrt/staging_dir/toolchain-mips_24kc_gcc-12.3.0_musl/bin
PATH: /mnt/md0/miranda/openwrt/staging_dir/host/bin
PATH: /mnt/md0/miranda/openwrt/staging_dir/toolchain-mips_24kc_gcc-12.3.0_musl/bin
PATH: /mnt/md0/miranda/openwrt/staging_dir/host/bin
PATH: /mnt/md0/miranda/openwrt/staging_dir/host/bin
PATH: /home/mirandad/.vscode-server/cli/servers/Stable-384ff7382de624fb94dbaf6da11977bba1ecd427/server/bin/remote-cli
PATH: /usr/local/sbin
PATH: /usr/local/bin
PATH: /usr/sbin
PATH: /usr/bin
PATH: /sbin
PATH: /bin
PATH: /usr/games
PATH: /usr/local/games
PATH: /snap/bin


## ----------- ##
## Core tests. ##
## ----------- ##

configure:2055: loading site script /mnt/md0/miranda/openwrt/include/site/mips
| #!/bin/sh
| . $TOPDIR/include/site/linux
| ac_cv_c_littleendian=${ac_cv_c_littleendian=no}
| ac_cv_c_bigendian=${ac_cv_c_bigendian=yes}
| 
| ac_cv_sizeof___int64=0
| ac_cv_sizeof_char=1
| ac_cv_sizeof_int=4
| ac_cv_sizeof_int16_t=2
| ac_cv_sizeof_int32_t=4
| ac_cv_sizeof_int64_t=8
| ac_cv_sizeof_long_int=4
| ac_cv_sizeof_long_long=8
| ac_cv_sizeof_long=4
| ac_cv_sizeof_off_t=8
| ac_cv_sizeof_short_int=2
| ac_cv_sizeof_short=2
| ac_cv_sizeof_size_t=4
| ac_cv_sizeof_ssize_t=4
| ac_cv_sizeof_u_int16_t=2
| ac_cv_sizeof_u_int32_t=4
| ac_cv_sizeof_u_int64_t=8
| ac_cv_sizeof_uint16_t=2
| ac_cv_sizeof_uint32_t=4
| ac_cv_sizeof_uint64_t=8
| ac_cv_sizeof_unsigned_int=4
| ac_cv_sizeof_unsigned_long=4
| ac_cv_sizeof_unsigned_long_long=8
| ac_cv_sizeof_unsigned_short=2
| ac_cv_sizeof_void_p=4
configure:2184: checking build system type
configure:2198: result: x86_64-pc-linux-gnu
configure:2218: checking host system type
configure:2231: result: mips-openwrt-linux-gnu
configure:2265: checking for mips-openwrt-linux-gcc
configure:2292: result: mips-openwrt-linux-musl-gcc
configure:2561: checking for C compiler version
configure:2570: mips-openwrt-linux-musl-gcc --version >&5
mips-openwrt-linux-musl-gcc (OpenWrt GCC 12.3.0 r23497-6637af95aa) 12.3.0
Copyright (C) 2022 Free Software Foundation, Inc.
This is free software; see the source for copying conditions.  There is NO
warranty; not even for MERCHANTABILITY or FITNESS FOR A PARTICULAR PURPOSE.

configure:2581: $? = 0
configure:2570: mips-openwrt-linux-musl-gcc -v >&5
Reading specs from /mnt/md0/miranda/openwrt/staging_dir/toolchain-mips_24kc_gcc-12.3.0_musl/lib/gcc/mips-openwrt-linux-musl/12.3.0/specs
COLLECT_GCC=mips-openwrt-linux-musl-gcc
COLLECT_LTO_WRAPPER=/mnt/md0/miranda/openwrt/staging_dir/toolchain-mips_24kc_gcc-12.3.0_musl/libexec/gcc/mips-openwrt-linux-musl/12.3.0/lto-wrapper
Target: mips-openwrt-linux-musl
Configured with: /mnt/md0/miranda/openwrt/build_dir/toolchain-mips_24kc_gcc-12.3.0_musl/gcc-12.3.0/configure --with-bugurl=http://bugs.openwrt.org/ --with-pkgversion='OpenWrt GCC 12.3.0 r23497-6637af95aa' --prefix=/mnt/md0/miranda/openwrt/staging_dir/toolchain-mips_24kc_gcc-12.3.0_musl --build=x86_64-pc-linux-gnu --host=x86_64-pc-linux-gnu --target=mips-openwrt-linux-musl --with-gnu-ld --enable-target-optspace --disable-libgomp --disable-libmudflap --disable-multilib --disable-libmpx --disable-nls --disable-libssp --without-isl --without-cloog --with-host-libstdcxx=-lstdc++ --with-float=soft --with-system-zlib=/mnt/md0/miranda/openwrt/staging_dir/host --with-zstd=/mnt/md0/miranda/openwrt/staging_dir/host --with-gmp=/mnt/md0/miranda/openwrt/staging_dir/host --with-mpfr=/mnt/md0/miranda/openwrt/staging_dir/host --with-mpc=/mnt/md0/miranda/openwrt/staging_dir/host --disable-decimal-float --with-diagnostics-color=auto-if-env --enable-__cxa_atexit --enable-libstdcxx-dual-abi --with-default-libstdcxx-abi=new --with-mips-plt CFLAGS='-O2 -I/mnt/md0/miranda/openwrt/staging_dir/host/include  -pipe' CXXFLAGS='-O2 -I/mnt/md0/miranda/openwrt/staging_dir/host/include  -pipe' 'CFLAGS_FOR_TARGET=-Os -pipe -mno-branch-likely -mips32r2 -mtune=24kc -fno-caller-saves -fno-plt -fhonour-copts -msoft-float -Wformat -Werror=format-security -fstack-protector -D_FORTIFY_SOURCE=1 -Wl,-z,now -Wl,-z,relro' 'CXXFLAGS_FOR_TARGET=-Os -pipe -mno-branch-likely -mips32r2 -mtune=24kc -fno-caller-saves -fno-plt -fhonour-copts -msoft-float -Wformat -Werror=format-security -fstack-protector -D_FORTIFY_SOURCE=1 -Wl,-z,now -Wl,-z,relro' 'GOCFLAGS_FOR_TARGET=-Os -pipe -mno-branch-likely -mips32r2 -mtune=24kc -fno-caller-saves -fno-plt -fhonour-copts -msoft-float -Wformat -Werror=format-security -fstack-protector -D_FORTIFY_SOURCE=1 -Wl,-z,now -Wl,-z,relro' --with-headers=/mnt/md0/miranda/openwrt/staging_dir/toolchain-mips_24kc_gcc-12.3.0_musl/include --enable-languages=c,c++ --enable-shared --enable-threads --with-slibdir=/mnt/md0/miranda/openwrt/staging_dir/toolchain-mips_24kc_gcc-12.3.0_musl/lib --enable-plugins --enable-lto --with-libelf=/mnt/md0/miranda/openwrt/staging_dir/host --disable-libsanitizer
Thread model: posix
Supported LTO compression algorithms: zlib zstd
gcc version 12.3.0 (OpenWrt GCC 12.3.0 r23497-6637af95aa) 
configure:2581: $? = 0
configure:2570: mips-openwrt-linux-musl-gcc -V >&5
mips-openwrt-linux-musl-gcc: error: unrecognized command-line option '-V'
mips-openwrt-linux-musl-gcc: fatal error: no input files
compilation terminated.
configure:2581: $? = 1
configure:2570: mips-openwrt-linux-musl-gcc -qversion >&5
mips-openwrt-linux-musl-gcc: error: unrecognized command-line option '-qversion'; did you mean '--version'?
mips-openwrt-linux-musl-gcc: fatal error: no input files
compilation terminated.
configure:2581: $? = 1
configure:2601: checking whether the C compiler works
configure:2623: mips-openwrt-linux-musl-gcc -Os -pipe -mno-branch-likely -mips32r2 -mtune=24kc -fno-caller-saves -fno-plt -fhonour-copts -msoft-float -fmacro-prefix-map=/mnt/md0/miranda/openwrt/build_dir/target-mips_24kc_musl/libnftnl-1.2.6=libnftnl-1.2.6 -mips16 -minterlink-mips16 -flto=auto -fno-fat-lto-objects -Wformat -Werror=format-security -fstack-protector -D_FORTIFY_SOURCE=1 -Wl,-z,now -Wl,-z,relro -DPIC -fpic  -I/mnt/md0/miranda/openwrt/staging_dir/toolchain-mips_24kc_gcc-12.3.0_musl/usr/include -I/mnt/md0/miranda/openwrt/staging_dir/toolchain-mips_24kc_gcc-12.3.0_musl/include/fortify -I/mnt/md0/miranda/openwrt/staging_dir/toolchain-mips_24kc_gcc-12.3.0_musl/include  -L/mnt/md0/miranda/openwrt/staging_dir/toolchain-mips_24kc_gcc-12.3.0_musl/usr/lib -L/mnt/md0/miranda/openwrt/staging_dir/toolchain-mips_24kc_gcc-12.3.0_musl/lib -flto=auto -fuse-linker-plugin -znow -zrelro  conftest.c  >&5
configure:2627: $? = 0
configure:2675: result: yes
configure:2678: checking for C compiler default output file name
configure:2680: result: a.out
configure:2686: checking for suffix of executables
configure:2693: mips-openwrt-linux-musl-gcc -o conftest -Os -pipe -mno-branch-likely -mips32r2 -mtune=24kc -fno-caller-saves -fno-plt -fhonour-copts -msoft-float -fmacro-prefix-map=/mnt/md0/miranda/openwrt/build_dir/target-mips_24kc_musl/libnftnl-1.2.6=libnftnl-1.2.6 -mips16 -minterlink-mips16 -flto=auto -fno-fat-lto-objects -Wformat -Werror=format-security -fstack-protector -D_FORTIFY_SOURCE=1 -Wl,-z,now -Wl,-z,relro -DPIC -fpic  -I/mnt/md0/miranda/openwrt/staging_dir/toolchain-mips_24kc_gcc-12.3.0_musl/usr/include -I/mnt/md0/miranda/openwrt/staging_dir/toolchain-mips_24kc_gcc-12.3.0_musl/include/fortify -I/mnt/md0/miranda/openwrt/staging_dir/toolchain-mips_24kc_gcc-12.3.0_musl/include  -L/mnt/md0/miranda/openwrt/staging_dir/toolchain-mips_24kc_gcc-12.3.0_musl/usr/lib -L/mnt/md0/miranda/openwrt/staging_dir/toolchain-mips_24kc_gcc-12.3.0_musl/lib -flto=auto -fuse-linker-plugin -znow -zrelro  conftest.c  >&5
configure:2697: $? = 0
configure:2719: result: 
configure:2741: checking whether we are cross compiling
configure:2779: result: yes
configure:2784: checking for suffix of object files
configure:2806: mips-openwrt-linux-musl-gcc -c -Os -pipe -mno-branch-likely -mips32r2 -mtune=24kc -fno-caller-saves -fno-plt -fhonour-copts -msoft-float -fmacro-prefix-map=/mnt/md0/miranda/openwrt/build_dir/target-mips_24kc_musl/libnftnl-1.2.6=libnftnl-1.2.6 -mips16 -minterlink-mips16 -flto=auto -fno-fat-lto-objects -Wformat -Werror=format-security -fstack-protector -D_FORTIFY_SOURCE=1 -Wl,-z,now -Wl,-z,relro -DPIC -fpic  -I/mnt/md0/miranda/openwrt/staging_dir/toolchain-mips_24kc_gcc-12.3.0_musl/usr/include -I/mnt/md0/miranda/openwrt/staging_dir/toolchain-mips_24kc_gcc-12.3.0_musl/include/fortify -I/mnt/md0/miranda/openwrt/staging_dir/toolchain-mips_24kc_gcc-12.3.0_musl/include  conftest.c >&5
configure:2810: $? = 0
configure:2831: result: o
configure:2835: checking whether we are using the GNU C compiler
configure:2854: mips-openwrt-linux-musl-gcc -c -Os -pipe -mno-branch-likely -mips32r2 -mtune=24kc -fno-caller-saves -fno-plt -fhonour-copts -msoft-float -fmacro-prefix-map=/mnt/md0/miranda/openwrt/build_dir/target-mips_24kc_musl/libnftnl-1.2.6=libnftnl-1.2.6 -mips16 -minterlink-mips16 -flto=auto -fno-fat-lto-objects -Wformat -Werror=format-security -fstack-protector -D_FORTIFY_SOURCE=1 -Wl,-z,now -Wl,-z,relro -DPIC -fpic  -I/mnt/md0/miranda/openwrt/staging_dir/toolchain-mips_24kc_gcc-12.3.0_musl/usr/include -I/mnt/md0/miranda/openwrt/staging_dir/toolchain-mips_24kc_gcc-12.3.0_musl/include/fortify -I/mnt/md0/miranda/openwrt/staging_dir/toolchain-mips_24kc_gcc-12.3.0_musl/include  conftest.c >&5
configure:2854: $? = 0
configure:2863: result: yes
configure:2872: checking whether mips-openwrt-linux-musl-gcc accepts -g
configure:2892: mips-openwrt-linux-musl-gcc -c -g -I/mnt/md0/miranda/openwrt/staging_dir/toolchain-mips_24kc_gcc-12.3.0_musl/usr/include -I/mnt/md0/miranda/openwrt/staging_dir/toolchain-mips_24kc_gcc-12.3.0_musl/include/fortify -I/mnt/md0/miranda/openwrt/staging_dir/toolchain-mips_24kc_gcc-12.3.0_musl/include  conftest.c >&5
cc1: note: someone does not honour COPTS correctly, passed 0 times
configure:2892: $? = 0
configure: failed program was:
| /* confdefs.h */
| #define PACKAGE_NAME "libnftnl"
| #define PACKAGE_TARNAME "libnftnl"
| #define PACKAGE_VERSION "1.2.6"
| #define PACKAGE_STRING "libnftnl 1.2.6"
| #define PACKAGE_BUGREPORT ""
| #define PACKAGE_URL ""
| /* end confdefs.h.  */
| 
| int
| main ()
| {
| 
|   ;
|   return 0;
| }
configure:2907: mips-openwrt-linux-musl-gcc -c  -I/mnt/md0/miranda/openwrt/staging_dir/toolchain-mips_24kc_gcc-12.3.0_musl/usr/include -I/mnt/md0/miranda/openwrt/staging_dir/toolchain-mips_24kc_gcc-12.3.0_musl/include/fortify -I/mnt/md0/miranda/openwrt/staging_dir/toolchain-mips_24kc_gcc-12.3.0_musl/include  conftest.c >&5
cc1: note: someone does not honour COPTS correctly, passed 0 times
configure:2907: $? = 0
configure: failed program was:
| /* confdefs.h */
| #define PACKAGE_NAME "libnftnl"
| #define PACKAGE_TARNAME "libnftnl"
| #define PACKAGE_VERSION "1.2.6"
| #define PACKAGE_STRING "libnftnl 1.2.6"
| #define PACKAGE_BUGREPORT ""
| #define PACKAGE_URL ""
| /* end confdefs.h.  */
| 
| int
| main ()
| {
| 
|   ;
|   return 0;
| }
configure:2923: mips-openwrt-linux-musl-gcc -c -g -I/mnt/md0/miranda/openwrt/staging_dir/toolchain-mips_24kc_gcc-12.3.0_musl/usr/include -I/mnt/md0/miranda/openwrt/staging_dir/toolchain-mips_24kc_gcc-12.3.0_musl/include/fortify -I/mnt/md0/miranda/openwrt/staging_dir/toolchain-mips_24kc_gcc-12.3.0_musl/include  conftest.c >&5
cc1: note: someone does not honour COPTS correctly, passed 0 times
configure:2923: $? = 0
configure:2933: result: yes
configure:2950: checking for mips-openwrt-linux-musl-gcc option to accept ISO C89
configure:3013: mips-openwrt-linux-musl-gcc  -c -Os -pipe -mno-branch-likely -mips32r2 -mtune=24kc -fno-caller-saves -fno-plt -fhonour-copts -msoft-float -fmacro-prefix-map=/mnt/md0/miranda/openwrt/build_dir/target-mips_24kc_musl/libnftnl-1.2.6=libnftnl-1.2.6 -mips16 -minterlink-mips16 -flto=auto -fno-fat-lto-objects -Wformat -Werror=format-security -fstack-protector -D_FORTIFY_SOURCE=1 -Wl,-z,now -Wl,-z,relro -DPIC -fpic  -I/mnt/md0/miranda/openwrt/staging_dir/toolchain-mips_24kc_gcc-12.3.0_musl/usr/include -I/mnt/md0/miranda/openwrt/staging_dir/toolchain-mips_24kc_gcc-12.3.0_musl/include/fortify -I/mnt/md0/miranda/openwrt/staging_dir/toolchain-mips_24kc_gcc-12.3.0_musl/include  conftest.c >&5
configure:3013: $? = 0
configure:3026: result: none needed
configure:3051: checking whether mips-openwrt-linux-musl-gcc understands -c and -o together
configure:3073: mips-openwrt-linux-musl-gcc -c conftest.c -o conftest2.o
cc1: note: someone does not honour COPTS correctly, passed 0 times
configure:3076: $? = 0
configure:3073: mips-openwrt-linux-musl-gcc -c conftest.c -o conftest2.o
cc1: note: someone does not honour COPTS correctly, passed 0 times
configure:3076: $? = 0
configure:3088: result: yes
configure:3111: checking for mips-openwrt-linux-ar
configure:3138: result: mips-openwrt-linux-musl-gcc-ar
configure:3208: checking the archiver (mips-openwrt-linux-musl-gcc-ar) interface
configure:3224: mips-openwrt-linux-musl-gcc -c -Os -pipe -mno-branch-likely -mips32r2 -mtune=24kc -fno-caller-saves -fno-plt -fhonour-copts -msoft-float -fmacro-prefix-map=/mnt/md0/miranda/openwrt/build_dir/target-mips_24kc_musl/libnftnl-1.2.6=libnftnl-1.2.6 -mips16 -minterlink-mips16 -flto=auto -fno-fat-lto-objects -Wformat -Werror=format-security -fstack-protector -D_FORTIFY_SOURCE=1 -Wl,-z,now -Wl,-z,relro -DPIC -fpic  -I/mnt/md0/miranda/openwrt/staging_dir/toolchain-mips_24kc_gcc-12.3.0_musl/usr/include -I/mnt/md0/miranda/openwrt/staging_dir/toolchain-mips_24kc_gcc-12.3.0_musl/include/fortify -I/mnt/md0/miranda/openwrt/staging_dir/toolchain-mips_24kc_gcc-12.3.0_musl/include  conftest.c >&5
configure:3224: $? = 0
configure:3226: mips-openwrt-linux-musl-gcc-ar cru libconftest.a conftest.o >&5
/mnt/md0/miranda/openwrt/staging_dir/toolchain-mips_24kc_gcc-12.3.0_musl/lib/gcc/mips-openwrt-linux-musl/12.3.0/../../../../mips-openwrt-linux-musl/bin/ar: `u' modifier ignored since `D' is the default (see `U')
configure:3229: $? = 0
configure:3257: result: ar
configure:3294: checking for a BSD-compatible install
configure:3362: result: /mnt/md0/miranda/openwrt/staging_dir/host/bin/install -c
configure:3373: checking whether build environment is sane
configure:3428: result: yes
configure:3479: checking for mips-openwrt-linux-strip
configure:3506: result: mips-openwrt-linux-musl-strip
configure:3571: checking for a thread-safe mkdir -p
configure:3610: result: /usr/bin/mkdir -p
configure:3617: checking for gawk
configure:3633: found /usr/bin/gawk
configure:3644: result: gawk
configure:3655: checking whether make sets $(MAKE)
configure:3677: result: yes
configure:3699: checking whether make supports the include directive
configure:3714: make -f confmf.GNU && cat confinc.out
make[4]: Entering directory '/mnt/md0/miranda/openwrt/build_dir/target-mips_24kc_musl/libnftnl-1.2.6'
make[4]: Leaving directory '/mnt/md0/miranda/openwrt/build_dir/target-mips_24kc_musl/libnftnl-1.2.6'
this is the am__doit target
configure:3717: $? = 0
configure:3736: result: yes (GNU style)
configure:3769: checking whether make supports nested variables
configure:3786: result: yes
configure:3865: checking how to create a pax tar archive
configure:3876: tar --version
tar (GNU tar) 1.34
Copyright (C) 2021 Free Software Foundation, Inc.
License GPLv3+: GNU GPL version 3 or later <https://gnu.org/licenses/gpl.html>.
This is free software: you are free to change and redistribute it.
There is NO WARRANTY, to the extent permitted by law.

Written by John Gilmore and Jay Fenlason.
configure:3879: $? = 0
configure:3919: tardir=conftest.dir && eval tar --format=posix -chf - "$tardir" >conftest.tar
configure:3922: $? = 0
configure:3926: tar -xf - <conftest.tar
configure:3929: $? = 0
configure:3931: cat conftest.dir/file
GrepMe
configure:3934: $? = 0
configure:3947: result: gnutar
configure:3956: checking dependency style of mips-openwrt-linux-musl-gcc
configure:4067: result: none
configure:4137: checking whether make supports nested variables
configure:4154: result: yes
configure:4275: checking pkg-config is at least version 0.9.0
configure:4278: result: yes
configure:4288: checking for libmnl >= 1.0.4
configure:4295: $PKG_CONFIG --exists --print-errors "libmnl >= 1.0.4"
configure:4298: $? = 0
configure:4312: $PKG_CONFIG --exists --print-errors "libmnl >= 1.0.4"
configure:4315: $? = 0
configure:4373: result: yes
configure:4385: checking for mips-openwrt-linux-gcc
configure:4412: result: mips-openwrt-linux-musl-gcc
configure:4681: checking for C compiler version
configure:4690: mips-openwrt-linux-musl-gcc --version >&5
mips-openwrt-linux-musl-gcc (OpenWrt GCC 12.3.0 r23497-6637af95aa) 12.3.0
Copyright (C) 2022 Free Software Foundation, Inc.
This is free software; see the source for copying conditions.  There is NO
warranty; not even for MERCHANTABILITY or FITNESS FOR A PARTICULAR PURPOSE.

configure:4701: $? = 0
configure:4690: mips-openwrt-linux-musl-gcc -v >&5
Reading specs from /mnt/md0/miranda/openwrt/staging_dir/toolchain-mips_24kc_gcc-12.3.0_musl/lib/gcc/mips-openwrt-linux-musl/12.3.0/specs
COLLECT_GCC=mips-openwrt-linux-musl-gcc
COLLECT_LTO_WRAPPER=/mnt/md0/miranda/openwrt/staging_dir/toolchain-mips_24kc_gcc-12.3.0_musl/libexec/gcc/mips-openwrt-linux-musl/12.3.0/lto-wrapper
Target: mips-openwrt-linux-musl
Configured with: /mnt/md0/miranda/openwrt/build_dir/toolchain-mips_24kc_gcc-12.3.0_musl/gcc-12.3.0/configure --with-bugurl=http://bugs.openwrt.org/ --with-pkgversion='OpenWrt GCC 12.3.0 r23497-6637af95aa' --prefix=/mnt/md0/miranda/openwrt/staging_dir/toolchain-mips_24kc_gcc-12.3.0_musl --build=x86_64-pc-linux-gnu --host=x86_64-pc-linux-gnu --target=mips-openwrt-linux-musl --with-gnu-ld --enable-target-optspace --disable-libgomp --disable-libmudflap --disable-multilib --disable-libmpx --disable-nls --disable-libssp --without-isl --without-cloog --with-host-libstdcxx=-lstdc++ --with-float=soft --with-system-zlib=/mnt/md0/miranda/openwrt/staging_dir/host --with-zstd=/mnt/md0/miranda/openwrt/staging_dir/host --with-gmp=/mnt/md0/miranda/openwrt/staging_dir/host --with-mpfr=/mnt/md0/miranda/openwrt/staging_dir/host --with-mpc=/mnt/md0/miranda/openwrt/staging_dir/host --disable-decimal-float --with-diagnostics-color=auto-if-env --enable-__cxa_atexit --enable-libstdcxx-dual-abi --with-default-libstdcxx-abi=new --with-mips-plt CFLAGS='-O2 -I/mnt/md0/miranda/openwrt/staging_dir/host/include  -pipe' CXXFLAGS='-O2 -I/mnt/md0/miranda/openwrt/staging_dir/host/include  -pipe' 'CFLAGS_FOR_TARGET=-Os -pipe -mno-branch-likely -mips32r2 -mtune=24kc -fno-caller-saves -fno-plt -fhonour-copts -msoft-float -Wformat -Werror=format-security -fstack-protector -D_FORTIFY_SOURCE=1 -Wl,-z,now -Wl,-z,relro' 'CXXFLAGS_FOR_TARGET=-Os -pipe -mno-branch-likely -mips32r2 -mtune=24kc -fno-caller-saves -fno-plt -fhonour-copts -msoft-float -Wformat -Werror=format-security -fstack-protector -D_FORTIFY_SOURCE=1 -Wl,-z,now -Wl,-z,relro' 'GOCFLAGS_FOR_TARGET=-Os -pipe -mno-branch-likely -mips32r2 -mtune=24kc -fno-caller-saves -fno-plt -fhonour-copts -msoft-float -Wformat -Werror=format-security -fstack-protector -D_FORTIFY_SOURCE=1 -Wl,-z,now -Wl,-z,relro' --with-headers=/mnt/md0/miranda/openwrt/staging_dir/toolchain-mips_24kc_gcc-12.3.0_musl/include --enable-languages=c,c++ --enable-shared --enable-threads --with-slibdir=/mnt/md0/miranda/openwrt/staging_dir/toolchain-mips_24kc_gcc-12.3.0_musl/lib --enable-plugins --enable-lto --with-libelf=/mnt/md0/miranda/openwrt/staging_dir/host --disable-libsanitizer
Thread model: posix
Supported LTO compression algorithms: zlib zstd
gcc version 12.3.0 (OpenWrt GCC 12.3.0 r23497-6637af95aa) 
configure:4701: $? = 0
configure:4690: mips-openwrt-linux-musl-gcc -V >&5
mips-openwrt-linux-musl-gcc: error: unrecognized command-line option '-V'
mips-openwrt-linux-musl-gcc: fatal error: no input files
compilation terminated.
configure:4701: $? = 1
configure:4690: mips-openwrt-linux-musl-gcc -qversion >&5
mips-openwrt-linux-musl-gcc: error: unrecognized command-line option '-qversion'; did you mean '--version'?
mips-openwrt-linux-musl-gcc: fatal error: no input files
compilation terminated.
configure:4701: $? = 1
configure:4705: checking whether we are using the GNU C compiler
configure:4733: result: yes
configure:4742: checking whether mips-openwrt-linux-musl-gcc accepts -g
configure:4803: result: yes
configure:4820: checking for mips-openwrt-linux-musl-gcc option to accept ISO C89
configure:4896: result: none needed
configure:4921: checking whether mips-openwrt-linux-musl-gcc understands -c and -o together
configure:4958: result: yes
configure:5054: checking how to print strings
configure:5081: result: printf
configure:5102: checking for a sed that does not truncate output
configure:5166: result: /mnt/md0/miranda/openwrt/staging_dir/host/bin/sed
configure:5184: checking for grep that handles long lines and -e
configure:5242: result: /mnt/md0/miranda/openwrt/staging_dir/host/bin/grep
configure:5247: checking for egrep
configure:5309: result: /mnt/md0/miranda/openwrt/staging_dir/host/bin/grep -E
configure:5314: checking for fgrep
configure:5376: result: /mnt/md0/miranda/openwrt/staging_dir/host/bin/grep -F
configure:5411: checking for ld used by mips-openwrt-linux-musl-gcc
configure:5478: result: mips-openwrt-linux-musl-ld
configure:5485: checking if the linker (mips-openwrt-linux-musl-ld) is GNU ld
configure:5500: result: yes
configure:5512: checking for BSD- or MS-compatible name lister (nm)
configure:5566: result: mips-openwrt-linux-musl-gcc-nm
configure:5696: checking the name lister (mips-openwrt-linux-musl-gcc-nm) interface
configure:5703: mips-openwrt-linux-musl-gcc -c -Os -pipe -mno-branch-likely -mips32r2 -mtune=24kc -fno-caller-saves -fno-plt -fhonour-copts -msoft-float -fmacro-prefix-map=/mnt/md0/miranda/openwrt/build_dir/target-mips_24kc_musl/libnftnl-1.2.6=libnftnl-1.2.6 -mips16 -minterlink-mips16 -flto=auto -fno-fat-lto-objects -Wformat -Werror=format-security -fstack-protector -D_FORTIFY_SOURCE=1 -Wl,-z,now -Wl,-z,relro -DPIC -fpic  -I/mnt/md0/miranda/openwrt/staging_dir/toolchain-mips_24kc_gcc-12.3.0_musl/usr/include -I/mnt/md0/miranda/openwrt/staging_dir/toolchain-mips_24kc_gcc-12.3.0_musl/include/fortify -I/mnt/md0/miranda/openwrt/staging_dir/toolchain-mips_24kc_gcc-12.3.0_musl/include  conftest.c >&5
configure:5706: mips-openwrt-linux-musl-gcc-nm "conftest.o"
configure:5709: output
00000000 B some_variable
configure:5716: result: BSD nm
configure:5719: checking whether ln -s works
configure:5723: result: yes
configure:5731: checking the maximum length of command line arguments
configure:5862: result: 1572864
configure:5910: checking how to convert x86_64-pc-linux-gnu file names to mips-openwrt-linux-gnu format
configure:5950: result: func_convert_file_noop
configure:5957: checking how to convert x86_64-pc-linux-gnu file names to toolchain format
configure:5977: result: func_convert_file_noop
configure:5984: checking for mips-openwrt-linux-musl-ld option to reload object files
configure:5991: result: -r
configure:6025: checking for mips-openwrt-linux-objdump
configure:6052: result: mips-openwrt-linux-musl-objdump
configure:6124: checking how to recognize dependent libraries
configure:6324: result: pass_all
configure:6369: checking for mips-openwrt-linux-dlltool
configure:6399: result: no
configure:6409: checking for dlltool
configure:6439: result: no
configure:6469: checking how to associate runtime and link libraries
configure:6496: result: printf %s\n
configure:6512: checking for mips-openwrt-linux-ar
configure:6539: result: mips-openwrt-linux-musl-gcc-ar
configure:6620: checking for archiver @FILE support
configure:6637: mips-openwrt-linux-musl-gcc -c -Os -pipe -mno-branch-likely -mips32r2 -mtune=24kc -fno-caller-saves -fno-plt -fhonour-copts -msoft-float -fmacro-prefix-map=/mnt/md0/miranda/openwrt/build_dir/target-mips_24kc_musl/libnftnl-1.2.6=libnftnl-1.2.6 -mips16 -minterlink-mips16 -flto=auto -fno-fat-lto-objects -Wformat -Werror=format-security -fstack-protector -D_FORTIFY_SOURCE=1 -Wl,-z,now -Wl,-z,relro -DPIC -fpic  -I/mnt/md0/miranda/openwrt/staging_dir/toolchain-mips_24kc_gcc-12.3.0_musl/usr/include -I/mnt/md0/miranda/openwrt/staging_dir/toolchain-mips_24kc_gcc-12.3.0_musl/include/fortify -I/mnt/md0/miranda/openwrt/staging_dir/toolchain-mips_24kc_gcc-12.3.0_musl/include  conftest.c >&5
configure:6637: $? = 0
configure:6640: mips-openwrt-linux-musl-gcc-ar cr libconftest.a @conftest.lst >&5
configure:6643: $? = 0
configure:6648: mips-openwrt-linux-musl-gcc-ar cr libconftest.a @conftest.lst >&5
/mnt/md0/miranda/openwrt/staging_dir/toolchain-mips_24kc_gcc-12.3.0_musl/lib/gcc/mips-openwrt-linux-musl/12.3.0/../../../../mips-openwrt-linux-musl/bin/ar: conftest.o: No such file or directory
configure:6651: $? = 1
configure:6663: result: @
configure:6681: checking for mips-openwrt-linux-strip
configure:6708: result: mips-openwrt-linux-musl-strip
configure:6780: checking for mips-openwrt-linux-ranlib
configure:6807: result: mips-openwrt-linux-musl-gcc-ranlib
configure:6949: checking command to parse mips-openwrt-linux-musl-gcc-nm output from mips-openwrt-linux-musl-gcc object
configure:7102: mips-openwrt-linux-musl-gcc -c -Os -pipe -mno-branch-likely -mips32r2 -mtune=24kc -fno-caller-saves -fno-plt -fhonour-copts -msoft-float -fmacro-prefix-map=/mnt/md0/miranda/openwrt/build_dir/target-mips_24kc_musl/libnftnl-1.2.6=libnftnl-1.2.6 -mips16 -minterlink-mips16 -flto=auto -fno-fat-lto-objects -Wformat -Werror=format-security -fstack-protector -D_FORTIFY_SOURCE=1 -Wl,-z,now -Wl,-z,relro -DPIC -fpic  -I/mnt/md0/miranda/openwrt/staging_dir/toolchain-mips_24kc_gcc-12.3.0_musl/usr/include -I/mnt/md0/miranda/openwrt/staging_dir/toolchain-mips_24kc_gcc-12.3.0_musl/include/fortify -I/mnt/md0/miranda/openwrt/staging_dir/toolchain-mips_24kc_gcc-12.3.0_musl/include  conftest.c >&5
configure:7105: $? = 0
configure:7109: mips-openwrt-linux-musl-gcc-nm conftest.o | sed -n -e 's/^.*[	 ]\([ABCDGIRSTW][ABCDGIRSTW]*\)[	 ][	 ]*\([_A-Za-z][_A-Za-z0-9]*\)$/\1 \2 \2/p' | sed '/ __gnu_lto/d' > conftest.nm
configure:7175: mips-openwrt-linux-musl-gcc -o conftest -Os -pipe -mno-branch-likely -mips32r2 -mtune=24kc -fno-caller-saves -fno-plt -fhonour-copts -msoft-float -fmacro-prefix-map=/mnt/md0/miranda/openwrt/build_dir/target-mips_24kc_musl/libnftnl-1.2.6=libnftnl-1.2.6 -mips16 -minterlink-mips16 -flto=auto -fno-fat-lto-objects -Wformat -Werror=format-security -fstack-protector -D_FORTIFY_SOURCE=1 -Wl,-z,now -Wl,-z,relro -DPIC -fpic  -I/mnt/md0/miranda/openwrt/staging_dir/toolchain-mips_24kc_gcc-12.3.0_musl/usr/include -I/mnt/md0/miranda/openwrt/staging_dir/toolchain-mips_24kc_gcc-12.3.0_musl/include/fortify -I/mnt/md0/miranda/openwrt/staging_dir/toolchain-mips_24kc_gcc-12.3.0_musl/include  -L/mnt/md0/miranda/openwrt/staging_dir/toolchain-mips_24kc_gcc-12.3.0_musl/usr/lib -L/mnt/md0/miranda/openwrt/staging_dir/toolchain-mips_24kc_gcc-12.3.0_musl/lib -flto=auto -fuse-linker-plugin -znow -zrelro  conftest.c conftstm.o >&5
configure:7178: $? = 0
configure:7216: result: ok
configure:7263: checking for sysroot
configure:7293: result: no
configure:7300: checking for a working dd
configure:7338: result: /usr/bin/dd
configure:7342: checking how to truncate binary pipes
configure:7357: result: /usr/bin/dd bs=4096 count=1
configure:7646: checking for mips-openwrt-linux-mt
configure:7676: result: no
configure:7686: checking for mt
configure:7702: found /usr/bin/mt
configure:7713: result: mt
configure:7725: WARNING: using cross tools not prefixed with host triplet
configure:7736: checking if mt is a manifest tool
configure:7742: mt '-?'
configure:7750: result: no
configure:8427: checking how to run the C preprocessor
configure:8458: mips-openwrt-linux-musl-gcc -E -I/mnt/md0/miranda/openwrt/staging_dir/toolchain-mips_24kc_gcc-12.3.0_musl/usr/include -I/mnt/md0/miranda/openwrt/staging_dir/toolchain-mips_24kc_gcc-12.3.0_musl/include/fortify -I/mnt/md0/miranda/openwrt/staging_dir/toolchain-mips_24kc_gcc-12.3.0_musl/include  conftest.c
configure:8458: $? = 0
configure:8472: mips-openwrt-linux-musl-gcc -E -I/mnt/md0/miranda/openwrt/staging_dir/toolchain-mips_24kc_gcc-12.3.0_musl/usr/include -I/mnt/md0/miranda/openwrt/staging_dir/toolchain-mips_24kc_gcc-12.3.0_musl/include/fortify -I/mnt/md0/miranda/openwrt/staging_dir/toolchain-mips_24kc_gcc-12.3.0_musl/include  conftest.c
conftest.c:11:10: fatal error: ac_nonexistent.h: No such file or directory
   11 | #include <ac_nonexistent.h>
      |          ^~~~~~~~~~~~~~~~~~
compilation terminated.
configure:8472: $? = 1
configure: failed program was:
| /* confdefs.h */
| #define PACKAGE_NAME "libnftnl"
| #define PACKAGE_TARNAME "libnftnl"
| #define PACKAGE_VERSION "1.2.6"
| #define PACKAGE_STRING "libnftnl 1.2.6"
| #define PACKAGE_BUGREPORT ""
| #define PACKAGE_URL ""
| #define PACKAGE "libnftnl"
| #define VERSION "1.2.6"
| /* end confdefs.h.  */
| #include <ac_nonexistent.h>
configure:8497: result: mips-openwrt-linux-musl-gcc -E
configure:8517: mips-openwrt-linux-musl-gcc -E -I/mnt/md0/miranda/openwrt/staging_dir/toolchain-mips_24kc_gcc-12.3.0_musl/usr/include -I/mnt/md0/miranda/openwrt/staging_dir/toolchain-mips_24kc_gcc-12.3.0_musl/include/fortify -I/mnt/md0/miranda/openwrt/staging_dir/toolchain-mips_24kc_gcc-12.3.0_musl/include  conftest.c
configure:8517: $? = 0
configure:8531: mips-openwrt-linux-musl-gcc -E -I/mnt/md0/miranda/openwrt/staging_dir/toolchain-mips_24kc_gcc-12.3.0_musl/usr/include -I/mnt/md0/miranda/openwrt/staging_dir/toolchain-mips_24kc_gcc-12.3.0_musl/include/fortify -I/mnt/md0/miranda/openwrt/staging_dir/toolchain-mips_24kc_gcc-12.3.0_musl/include  conftest.c
conftest.c:11:10: fatal error: ac_nonexistent.h: No such file or directory
   11 | #include <ac_nonexistent.h>
      |          ^~~~~~~~~~~~~~~~~~
compilation terminated.
configure:8531: $? = 1
configure: failed program was:
| /* confdefs.h */
| #define PACKAGE_NAME "libnftnl"
| #define PACKAGE_TARNAME "libnftnl"
| #define PACKAGE_VERSION "1.2.6"
| #define PACKAGE_STRING "libnftnl 1.2.6"
| #define PACKAGE_BUGREPORT ""
| #define PACKAGE_URL ""
| #define PACKAGE "libnftnl"
| #define VERSION "1.2.6"
| /* end confdefs.h.  */
| #include <ac_nonexistent.h>
configure:8560: checking for ANSI C header files
configure:8580: mips-openwrt-linux-musl-gcc -c -Os -pipe -mno-branch-likely -mips32r2 -mtune=24kc -fno-caller-saves -fno-plt -fhonour-copts -msoft-float -fmacro-prefix-map=/mnt/md0/miranda/openwrt/build_dir/target-mips_24kc_musl/libnftnl-1.2.6=libnftnl-1.2.6 -mips16 -minterlink-mips16 -flto=auto -fno-fat-lto-objects -Wformat -Werror=format-security -fstack-protector -D_FORTIFY_SOURCE=1 -Wl,-z,now -Wl,-z,relro -DPIC -fpic  -I/mnt/md0/miranda/openwrt/staging_dir/toolchain-mips_24kc_gcc-12.3.0_musl/usr/include -I/mnt/md0/miranda/openwrt/staging_dir/toolchain-mips_24kc_gcc-12.3.0_musl/include/fortify -I/mnt/md0/miranda/openwrt/staging_dir/toolchain-mips_24kc_gcc-12.3.0_musl/include  conftest.c >&5
configure:8580: $? = 0
configure:8664: result: yes
configure:8677: checking for sys/types.h
configure:8677: mips-openwrt-linux-musl-gcc -c -Os -pipe -mno-branch-likely -mips32r2 -mtune=24kc -fno-caller-saves -fno-plt -fhonour-copts -msoft-float -fmacro-prefix-map=/mnt/md0/miranda/openwrt/build_dir/target-mips_24kc_musl/libnftnl-1.2.6=libnftnl-1.2.6 -mips16 -minterlink-mips16 -flto=auto -fno-fat-lto-objects -Wformat -Werror=format-security -fstack-protector -D_FORTIFY_SOURCE=1 -Wl,-z,now -Wl,-z,relro -DPIC -fpic  -I/mnt/md0/miranda/openwrt/staging_dir/toolchain-mips_24kc_gcc-12.3.0_musl/usr/include -I/mnt/md0/miranda/openwrt/staging_dir/toolchain-mips_24kc_gcc-12.3.0_musl/include/fortify -I/mnt/md0/miranda/openwrt/staging_dir/toolchain-mips_24kc_gcc-12.3.0_musl/include  conftest.c >&5
configure:8677: $? = 0
configure:8677: result: yes
configure:8677: checking for sys/stat.h
configure:8677: mips-openwrt-linux-musl-gcc -c -Os -pipe -mno-branch-likely -mips32r2 -mtune=24kc -fno-caller-saves -fno-plt -fhonour-copts -msoft-float -fmacro-prefix-map=/mnt/md0/miranda/openwrt/build_dir/target-mips_24kc_musl/libnftnl-1.2.6=libnftnl-1.2.6 -mips16 -minterlink-mips16 -flto=auto -fno-fat-lto-objects -Wformat -Werror=format-security -fstack-protector -D_FORTIFY_SOURCE=1 -Wl,-z,now -Wl,-z,relro -DPIC -fpic  -I/mnt/md0/miranda/openwrt/staging_dir/toolchain-mips_24kc_gcc-12.3.0_musl/usr/include -I/mnt/md0/miranda/openwrt/staging_dir/toolchain-mips_24kc_gcc-12.3.0_musl/include/fortify -I/mnt/md0/miranda/openwrt/staging_dir/toolchain-mips_24kc_gcc-12.3.0_musl/include  conftest.c >&5
configure:8677: $? = 0
configure:8677: result: yes
configure:8677: checking for stdlib.h
configure:8677: mips-openwrt-linux-musl-gcc -c -Os -pipe -mno-branch-likely -mips32r2 -mtune=24kc -fno-caller-saves -fno-plt -fhonour-copts -msoft-float -fmacro-prefix-map=/mnt/md0/miranda/openwrt/build_dir/target-mips_24kc_musl/libnftnl-1.2.6=libnftnl-1.2.6 -mips16 -minterlink-mips16 -flto=auto -fno-fat-lto-objects -Wformat -Werror=format-security -fstack-protector -D_FORTIFY_SOURCE=1 -Wl,-z,now -Wl,-z,relro -DPIC -fpic  -I/mnt/md0/miranda/openwrt/staging_dir/toolchain-mips_24kc_gcc-12.3.0_musl/usr/include -I/mnt/md0/miranda/openwrt/staging_dir/toolchain-mips_24kc_gcc-12.3.0_musl/include/fortify -I/mnt/md0/miranda/openwrt/staging_dir/toolchain-mips_24kc_gcc-12.3.0_musl/include  conftest.c >&5
configure:8677: $? = 0
configure:8677: result: yes
configure:8677: checking for string.h
configure:8677: mips-openwrt-linux-musl-gcc -c -Os -pipe -mno-branch-likely -mips32r2 -mtune=24kc -fno-caller-saves -fno-plt -fhonour-copts -msoft-float -fmacro-prefix-map=/mnt/md0/miranda/openwrt/build_dir/target-mips_24kc_musl/libnftnl-1.2.6=libnftnl-1.2.6 -mips16 -minterlink-mips16 -flto=auto -fno-fat-lto-objects -Wformat -Werror=format-security -fstack-protector -D_FORTIFY_SOURCE=1 -Wl,-z,now -Wl,-z,relro -DPIC -fpic  -I/mnt/md0/miranda/openwrt/staging_dir/toolchain-mips_24kc_gcc-12.3.0_musl/usr/include -I/mnt/md0/miranda/openwrt/staging_dir/toolchain-mips_24kc_gcc-12.3.0_musl/include/fortify -I/mnt/md0/miranda/openwrt/staging_dir/toolchain-mips_24kc_gcc-12.3.0_musl/include  conftest.c >&5
configure:8677: $? = 0
configure:8677: result: yes
configure:8677: checking for memory.h
configure:8677: mips-openwrt-linux-musl-gcc -c -Os -pipe -mno-branch-likely -mips32r2 -mtune=24kc -fno-caller-saves -fno-plt -fhonour-copts -msoft-float -fmacro-prefix-map=/mnt/md0/miranda/openwrt/build_dir/target-mips_24kc_musl/libnftnl-1.2.6=libnftnl-1.2.6 -mips16 -minterlink-mips16 -flto=auto -fno-fat-lto-objects -Wformat -Werror=format-security -fstack-protector -D_FORTIFY_SOURCE=1 -Wl,-z,now -Wl,-z,relro -DPIC -fpic  -I/mnt/md0/miranda/openwrt/staging_dir/toolchain-mips_24kc_gcc-12.3.0_musl/usr/include -I/mnt/md0/miranda/openwrt/staging_dir/toolchain-mips_24kc_gcc-12.3.0_musl/include/fortify -I/mnt/md0/miranda/openwrt/staging_dir/toolchain-mips_24kc_gcc-12.3.0_musl/include  conftest.c >&5
configure:8677: $? = 0
configure:8677: result: yes
configure:8677: checking for strings.h
configure:8677: mips-openwrt-linux-musl-gcc -c -Os -pipe -mno-branch-likely -mips32r2 -mtune=24kc -fno-caller-saves -fno-plt -fhonour-copts -msoft-float -fmacro-prefix-map=/mnt/md0/miranda/openwrt/build_dir/target-mips_24kc_musl/libnftnl-1.2.6=libnftnl-1.2.6 -mips16 -minterlink-mips16 -flto=auto -fno-fat-lto-objects -Wformat -Werror=format-security -fstack-protector -D_FORTIFY_SOURCE=1 -Wl,-z,now -Wl,-z,relro -DPIC -fpic  -I/mnt/md0/miranda/openwrt/staging_dir/toolchain-mips_24kc_gcc-12.3.0_musl/usr/include -I/mnt/md0/miranda/openwrt/staging_dir/toolchain-mips_24kc_gcc-12.3.0_musl/include/fortify -I/mnt/md0/miranda/openwrt/staging_dir/toolchain-mips_24kc_gcc-12.3.0_musl/include  conftest.c >&5
configure:8677: $? = 0
configure:8677: result: yes
configure:8677: checking for inttypes.h
configure:8677: mips-openwrt-linux-musl-gcc -c -Os -pipe -mno-branch-likely -mips32r2 -mtune=24kc -fno-caller-saves -fno-plt -fhonour-copts -msoft-float -fmacro-prefix-map=/mnt/md0/miranda/openwrt/build_dir/target-mips_24kc_musl/libnftnl-1.2.6=libnftnl-1.2.6 -mips16 -minterlink-mips16 -flto=auto -fno-fat-lto-objects -Wformat -Werror=format-security -fstack-protector -D_FORTIFY_SOURCE=1 -Wl,-z,now -Wl,-z,relro -DPIC -fpic  -I/mnt/md0/miranda/openwrt/staging_dir/toolchain-mips_24kc_gcc-12.3.0_musl/usr/include -I/mnt/md0/miranda/openwrt/staging_dir/toolchain-mips_24kc_gcc-12.3.0_musl/include/fortify -I/mnt/md0/miranda/openwrt/staging_dir/toolchain-mips_24kc_gcc-12.3.0_musl/include  conftest.c >&5
configure:8677: $? = 0
configure:8677: result: yes
configure:8677: checking for stdint.h
configure:8677: mips-openwrt-linux-musl-gcc -c -Os -pipe -mno-branch-likely -mips32r2 -mtune=24kc -fno-caller-saves -fno-plt -fhonour-copts -msoft-float -fmacro-prefix-map=/mnt/md0/miranda/openwrt/build_dir/target-mips_24kc_musl/libnftnl-1.2.6=libnftnl-1.2.6 -mips16 -minterlink-mips16 -flto=auto -fno-fat-lto-objects -Wformat -Werror=format-security -fstack-protector -D_FORTIFY_SOURCE=1 -Wl,-z,now -Wl,-z,relro -DPIC -fpic  -I/mnt/md0/miranda/openwrt/staging_dir/toolchain-mips_24kc_gcc-12.3.0_musl/usr/include -I/mnt/md0/miranda/openwrt/staging_dir/toolchain-mips_24kc_gcc-12.3.0_musl/include/fortify -I/mnt/md0/miranda/openwrt/staging_dir/toolchain-mips_24kc_gcc-12.3.0_musl/include  conftest.c >&5
configure:8677: $? = 0
configure:8677: result: yes
configure:8677: checking for unistd.h
configure:8677: mips-openwrt-linux-musl-gcc -c -Os -pipe -mno-branch-likely -mips32r2 -mtune=24kc -fno-caller-saves -fno-plt -fhonour-copts -msoft-float -fmacro-prefix-map=/mnt/md0/miranda/openwrt/build_dir/target-mips_24kc_musl/libnftnl-1.2.6=libnftnl-1.2.6 -mips16 -minterlink-mips16 -flto=auto -fno-fat-lto-objects -Wformat -Werror=format-security -fstack-protector -D_FORTIFY_SOURCE=1 -Wl,-z,now -Wl,-z,relro -DPIC -fpic  -I/mnt/md0/miranda/openwrt/staging_dir/toolchain-mips_24kc_gcc-12.3.0_musl/usr/include -I/mnt/md0/miranda/openwrt/staging_dir/toolchain-mips_24kc_gcc-12.3.0_musl/include/fortify -I/mnt/md0/miranda/openwrt/staging_dir/toolchain-mips_24kc_gcc-12.3.0_musl/include  conftest.c >&5
configure:8677: $? = 0
configure:8677: result: yes
configure:8691: checking for dlfcn.h
configure:8691: mips-openwrt-linux-musl-gcc -c -Os -pipe -mno-branch-likely -mips32r2 -mtune=24kc -fno-caller-saves -fno-plt -fhonour-copts -msoft-float -fmacro-prefix-map=/mnt/md0/miranda/openwrt/build_dir/target-mips_24kc_musl/libnftnl-1.2.6=libnftnl-1.2.6 -mips16 -minterlink-mips16 -flto=auto -fno-fat-lto-objects -Wformat -Werror=format-security -fstack-protector -D_FORTIFY_SOURCE=1 -Wl,-z,now -Wl,-z,relro -DPIC -fpic  -I/mnt/md0/miranda/openwrt/staging_dir/toolchain-mips_24kc_gcc-12.3.0_musl/usr/include -I/mnt/md0/miranda/openwrt/staging_dir/toolchain-mips_24kc_gcc-12.3.0_musl/include/fortify -I/mnt/md0/miranda/openwrt/staging_dir/toolchain-mips_24kc_gcc-12.3.0_musl/include  conftest.c >&5
configure:8691: $? = 0
configure:8691: result: yes
configure:8917: checking for objdir
configure:8932: result: .libs
configure:9196: checking if mips-openwrt-linux-musl-gcc supports -fno-rtti -fno-exceptions
configure:9214: mips-openwrt-linux-musl-gcc -c -Os -pipe -mno-branch-likely -mips32r2 -mtune=24kc -fno-caller-saves -fno-plt -fhonour-copts -msoft-float -fmacro-prefix-map=/mnt/md0/miranda/openwrt/build_dir/target-mips_24kc_musl/libnftnl-1.2.6=libnftnl-1.2.6 -mips16 -minterlink-mips16 -flto=auto -fno-fat-lto-objects -Wformat -Werror=format-security -fstack-protector -D_FORTIFY_SOURCE=1 -Wl,-z,now -Wl,-z,relro -DPIC -fpic  -I/mnt/md0/miranda/openwrt/staging_dir/toolchain-mips_24kc_gcc-12.3.0_musl/usr/include -I/mnt/md0/miranda/openwrt/staging_dir/toolchain-mips_24kc_gcc-12.3.0_musl/include/fortify -I/mnt/md0/miranda/openwrt/staging_dir/toolchain-mips_24kc_gcc-12.3.0_musl/include  -fno-rtti -fno-exceptions conftest.c >&5
cc1: warning: command-line option '-fno-rtti' is valid for C++/D/ObjC++ but not for C
configure:9218: $? = 0
configure:9231: result: no
configure:9595: checking for mips-openwrt-linux-musl-gcc option to produce PIC
configure:9602: result: -fPIC -DPIC
configure:9610: checking if mips-openwrt-linux-musl-gcc PIC flag -fPIC -DPIC works
configure:9628: mips-openwrt-linux-musl-gcc -c -Os -pipe -mno-branch-likely -mips32r2 -mtune=24kc -fno-caller-saves -fno-plt -fhonour-copts -msoft-float -fmacro-prefix-map=/mnt/md0/miranda/openwrt/build_dir/target-mips_24kc_musl/libnftnl-1.2.6=libnftnl-1.2.6 -mips16 -minterlink-mips16 -flto=auto -fno-fat-lto-objects -Wformat -Werror=format-security -fstack-protector -D_FORTIFY_SOURCE=1 -Wl,-z,now -Wl,-z,relro -DPIC -fpic  -I/mnt/md0/miranda/openwrt/staging_dir/toolchain-mips_24kc_gcc-12.3.0_musl/usr/include -I/mnt/md0/miranda/openwrt/staging_dir/toolchain-mips_24kc_gcc-12.3.0_musl/include/fortify -I/mnt/md0/miranda/openwrt/staging_dir/toolchain-mips_24kc_gcc-12.3.0_musl/include  -fPIC -DPIC -DPIC conftest.c >&5
configure:9632: $? = 0
configure:9645: result: yes
configure:9674: checking if mips-openwrt-linux-musl-gcc static flag -static works
configure:9702: result: yes
configure:9717: checking if mips-openwrt-linux-musl-gcc supports -c -o file.o
configure:9738: mips-openwrt-linux-musl-gcc -c -Os -pipe -mno-branch-likely -mips32r2 -mtune=24kc -fno-caller-saves -fno-plt -fhonour-copts -msoft-float -fmacro-prefix-map=/mnt/md0/miranda/openwrt/build_dir/target-mips_24kc_musl/libnftnl-1.2.6=libnftnl-1.2.6 -mips16 -minterlink-mips16 -flto=auto -fno-fat-lto-objects -Wformat -Werror=format-security -fstack-protector -D_FORTIFY_SOURCE=1 -Wl,-z,now -Wl,-z,relro -DPIC -fpic  -I/mnt/md0/miranda/openwrt/staging_dir/toolchain-mips_24kc_gcc-12.3.0_musl/usr/include -I/mnt/md0/miranda/openwrt/staging_dir/toolchain-mips_24kc_gcc-12.3.0_musl/include/fortify -I/mnt/md0/miranda/openwrt/staging_dir/toolchain-mips_24kc_gcc-12.3.0_musl/include  -o out/conftest2.o conftest.c >&5
configure:9742: $? = 0
configure:9764: result: yes
configure:9772: checking if mips-openwrt-linux-musl-gcc supports -c -o file.o
configure:9819: result: yes
configure:9852: checking whether the mips-openwrt-linux-musl-gcc linker (mips-openwrt-linux-musl-ld) supports shared libraries
configure:11115: result: yes
configure:11152: checking whether -lc should be explicitly linked in
configure:11160: mips-openwrt-linux-musl-gcc -c -Os -pipe -mno-branch-likely -mips32r2 -mtune=24kc -fno-caller-saves -fno-plt -fhonour-copts -msoft-float -fmacro-prefix-map=/mnt/md0/miranda/openwrt/build_dir/target-mips_24kc_musl/libnftnl-1.2.6=libnftnl-1.2.6 -mips16 -minterlink-mips16 -flto=auto -fno-fat-lto-objects -Wformat -Werror=format-security -fstack-protector -D_FORTIFY_SOURCE=1 -Wl,-z,now -Wl,-z,relro -DPIC -fpic  -I/mnt/md0/miranda/openwrt/staging_dir/toolchain-mips_24kc_gcc-12.3.0_musl/usr/include -I/mnt/md0/miranda/openwrt/staging_dir/toolchain-mips_24kc_gcc-12.3.0_musl/include/fortify -I/mnt/md0/miranda/openwrt/staging_dir/toolchain-mips_24kc_gcc-12.3.0_musl/include  conftest.c >&5
configure:11163: $? = 0
configure:11178: mips-openwrt-linux-musl-gcc -shared  -fPIC -DPIC conftest.o  -v -Wl,-soname -Wl,conftest -o conftest 2\>\&1 \| /mnt/md0/miranda/openwrt/staging_dir/host/bin/grep  -lc  \>/dev/null 2\>\&1
configure:11181: $? = 0
configure:11195: result: no
configure:11355: checking dynamic linker characteristics
configure:11936: mips-openwrt-linux-musl-gcc -o conftest -Os -pipe -mno-branch-likely -mips32r2 -mtune=24kc -fno-caller-saves -fno-plt -fhonour-copts -msoft-float -fmacro-prefix-map=/mnt/md0/miranda/openwrt/build_dir/target-mips_24kc_musl/libnftnl-1.2.6=libnftnl-1.2.6 -mips16 -minterlink-mips16 -flto=auto -fno-fat-lto-objects -Wformat -Werror=format-security -fstack-protector -D_FORTIFY_SOURCE=1 -Wl,-z,now -Wl,-z,relro -DPIC -fpic  -I/mnt/md0/miranda/openwrt/staging_dir/toolchain-mips_24kc_gcc-12.3.0_musl/usr/include -I/mnt/md0/miranda/openwrt/staging_dir/toolchain-mips_24kc_gcc-12.3.0_musl/include/fortify -I/mnt/md0/miranda/openwrt/staging_dir/toolchain-mips_24kc_gcc-12.3.0_musl/include  -L/mnt/md0/miranda/openwrt/staging_dir/toolchain-mips_24kc_gcc-12.3.0_musl/usr/lib -L/mnt/md0/miranda/openwrt/staging_dir/toolchain-mips_24kc_gcc-12.3.0_musl/lib -flto=auto -fuse-linker-plugin -znow -zrelro  -Wl,-rpath -Wl,/foo conftest.c  >&5
configure:11936: $? = 0
configure:12185: result: GNU/Linux ld.so
configure:12307: checking how to hardcode library paths into programs
configure:12332: result: immediate
configure:12880: checking whether stripping libraries is possible
configure:12885: result: yes
configure:12920: checking if libtool supports shared libraries
configure:12922: result: yes
configure:12925: checking whether to build shared libraries
configure:12950: result: yes
configure:12953: checking whether to build static libraries
configure:12957: result: yes
configure:13003: checking whether compiler accepts -fvisibility=hidden
configure:13012: mips-openwrt-linux-musl-gcc -c -Os -pipe -mno-branch-likely -mips32r2 -mtune=24kc -fno-caller-saves -fno-plt -fhonour-copts -msoft-float -fmacro-prefix-map=/mnt/md0/miranda/openwrt/build_dir/target-mips_24kc_musl/libnftnl-1.2.6=libnftnl-1.2.6 -mips16 -minterlink-mips16 -flto=auto -fno-fat-lto-objects -Wformat -Werror=format-security -fstack-protector -D_FORTIFY_SOURCE=1 -Wl,-z,now -Wl,-z,relro -DPIC -fpic  -fvisibility=hidden -I/mnt/md0/miranda/openwrt/staging_dir/toolchain-mips_24kc_gcc-12.3.0_musl/usr/include -I/mnt/md0/miranda/openwrt/staging_dir/toolchain-mips_24kc_gcc-12.3.0_musl/include/fortify -I/mnt/md0/miranda/openwrt/staging_dir/toolchain-mips_24kc_gcc-12.3.0_musl/include  conftest.c >&5
configure:13012: $? = 0
configure:13020: result: yes
configure:13152: checking that generated files are newer than configure
configure:13158: result: done
configure:13181: creating ./config.status

## ---------------------- ##
## Running config.status. ##
## ---------------------- ##

This file was extended by libnftnl config.status 1.2.6, which was
generated by GNU Autoconf 2.69.  Invocation command line was

  CONFIG_FILES    = 
  CONFIG_HEADERS  = 
  CONFIG_LINKS    = 
  CONFIG_COMMANDS = 
  $ ./config.status 

on eez221

config.status:1108: creating Makefile
config.status:1108: creating src/Makefile
config.status:1108: creating include/Makefile
config.status:1108: creating include/libnftnl/Makefile
config.status:1108: creating include/linux/Makefile
config.status:1108: creating include/linux/netfilter/Makefile
config.status:1108: creating examples/Makefile
config.status:1108: creating tests/Makefile
config.status:1108: creating libnftnl.pc
config.status:1108: creating doxygen.cfg
config.status:1108: creating config.h
config.status:1337: executing depfiles commands
config.status:1337: executing libtool commands

## ---------------- ##
## Cache variables. ##
## ---------------- ##

ac_cv_build=x86_64-pc-linux-gnu
ac_cv_c_bigendian=yes
ac_cv_c_compiler_gnu=yes
ac_cv_c_gettext_without_libintl=yes
ac_cv_c_littleendian=no
ac_cv_c_long_double=no
ac_cv_conv_longlong_to_float=yes
ac_cv_env_CC_set=set
ac_cv_env_CC_value=mips-openwrt-linux-musl-gcc
ac_cv_env_CFLAGS_set=set
ac_cv_env_CFLAGS_value='-Os -pipe -mno-branch-likely -mips32r2 -mtune=24kc -fno-caller-saves -fno-plt -fhonour-copts -msoft-float -fmacro-prefix-map=/mnt/md0/miranda/openwrt/build_dir/target-mips_24kc_musl/libnftnl-1.2.6=libnftnl-1.2.6 -mips16 -minterlink-mips16 -flto=auto -fno-fat-lto-objects -Wformat -Werror=format-security -fstack-protector -D_FORTIFY_SOURCE=1 -Wl,-z,now -Wl,-z,relro -DPIC -fpic '
ac_cv_env_CPPFLAGS_set=set
ac_cv_env_CPPFLAGS_value='-I/mnt/md0/miranda/openwrt/staging_dir/toolchain-mips_24kc_gcc-12.3.0_musl/usr/include -I/mnt/md0/miranda/openwrt/staging_dir/toolchain-mips_24kc_gcc-12.3.0_musl/include/fortify -I/mnt/md0/miranda/openwrt/staging_dir/toolchain-mips_24kc_gcc-12.3.0_musl/include '
ac_cv_env_CPP_set=
ac_cv_env_CPP_value=
ac_cv_env_LDFLAGS_set=set
ac_cv_env_LDFLAGS_value='-L/mnt/md0/miranda/openwrt/staging_dir/toolchain-mips_24kc_gcc-12.3.0_musl/usr/lib -L/mnt/md0/miranda/openwrt/staging_dir/toolchain-mips_24kc_gcc-12.3.0_musl/lib -flto=auto -fuse-linker-plugin -znow -zrelro '
ac_cv_env_LIBMNL_CFLAGS_set=
ac_cv_env_LIBMNL_CFLAGS_value=
ac_cv_env_LIBMNL_LIBS_set=
ac_cv_env_LIBMNL_LIBS_value=
ac_cv_env_LIBS_set=
ac_cv_env_LIBS_value=
ac_cv_env_LT_SYS_LIBRARY_PATH_set=
ac_cv_env_LT_SYS_LIBRARY_PATH_value=
ac_cv_env_PKG_CONFIG_LIBDIR_set=set
ac_cv_env_PKG_CONFIG_LIBDIR_value=/mnt/md0/miranda/openwrt/staging_dir/target-mips_24kc_musl/usr/lib/pkgconfig:/mnt/md0/miranda/openwrt/staging_dir/target-mips_24kc_musl/usr/share/pkgconfig
ac_cv_env_PKG_CONFIG_PATH_set=set
ac_cv_env_PKG_CONFIG_PATH_value=/mnt/md0/miranda/openwrt/staging_dir/target-mips_24kc_musl/usr/lib/pkgconfig:/mnt/md0/miranda/openwrt/staging_dir/target-mips_24kc_musl/usr/share/pkgconfig
ac_cv_env_PKG_CONFIG_set=set
ac_cv_env_PKG_CONFIG_value=/mnt/md0/miranda/openwrt/staging_dir/host/bin/pkg-config
ac_cv_env_build_alias_set=set
ac_cv_env_build_alias_value=x86_64-pc-linux-gnu
ac_cv_env_host_alias_set=set
ac_cv_env_host_alias_value=mips-openwrt-linux
ac_cv_env_target_alias_set=set
ac_cv_env_target_alias_value=mips-openwrt-linux
ac_cv_file__dev_zero=yes
ac_cv_func___adjtimex=yes
ac_cv_func___va_copy=no
ac_cv_func__exit=yes
ac_cv_func_bcmp=yes
ac_cv_func_bcopy=yes
ac_cv_func_bzero=yes
ac_cv_func_cimag=yes
ac_cv_func_creal=yes
ac_cv_func_fchmod=yes
ac_cv_func_getaddrinfo=yes
ac_cv_func_getcwd=yes
ac_cv_func_getdomainname=yes
ac_cv_func_getpgrp_void=yes
ac_cv_func_getpwuid_r=yes
ac_cv_func_gettimeofday=yes
ac_cv_func_index=yes
ac_cv_func_lstat=yes
ac_cv_func_lstat_dereferences_slashed_symlink=yes
ac_cv_func_lstat_empty_string_bug=no
ac_cv_func_malloc_0_nonnull=yes
ac_cv_func_malloc_works=yes
ac_cv_func_memcmp_clean=yes
ac_cv_func_memcmp_working=yes
ac_cv_func_posix_getgrgid_r=yes
ac_cv_func_posix_getpwuid_r=yes
ac_cv_func_psignal=yes
ac_cv_func_pthread_key_delete=yes
ac_cv_func_realloc_0_nonnull=yes
ac_cv_func_realloc_works=yes
ac_cv_func_rename=yes
ac_cv_func_rindex=yes
ac_cv_func_setgrent_void=yes
ac_cv_func_setlocale=yes
ac_cv_func_setpgrp_void=yes
ac_cv_func_setresuid=no
ac_cv_func_setvbuf_reversed=no
ac_cv_func_stat_empty_string_bug=no
ac_cv_func_stat_ignores_trailing_slash=no
ac_cv_func_strerror=yes
ac_cv_func_strftime=yes
ac_cv_func_utimes=yes
ac_cv_func_va_copy=no
ac_cv_func_vsnprintf=yes
ac_cv_fvisibility_hidden=yes
ac_cv_have_accrights_in_msghdr=no
ac_cv_have_broken_snprintf=no
ac_cv_have_control_in_msghdr=yes
ac_cv_have_decl_sys_siglist=no
ac_cv_have_openpty_ctty_bug=yes
ac_cv_have_space_d_name_in_struct_dirent=yes
ac_cv_header_dlfcn_h=yes
ac_cv_header_inttypes_h=yes
ac_cv_header_memory_h=yes
ac_cv_header_netinet_sctp_h=no
ac_cv_header_netinet_sctp_uio_h=no
ac_cv_header_stdc=yes
ac_cv_header_stdint_h=yes
ac_cv_header_stdlib_h=yes
ac_cv_header_string_h=yes
ac_cv_header_strings_h=yes
ac_cv_header_sys_stat_h=yes
ac_cv_header_sys_types_h=yes
ac_cv_header_unistd_h=yes
ac_cv_host=mips-openwrt-linux-gnu
ac_cv_int64_t=yes
ac_cv_lbl_unaligned_fail=no
ac_cv_linux_kernel_pppoe=yes
ac_cv_linux_vers=2
ac_cv_objext=o
ac_cv_pack_bitfields_reversed=yes
ac_cv_path_EGREP='/mnt/md0/miranda/openwrt/staging_dir/host/bin/grep -E'
ac_cv_path_FGREP='/mnt/md0/miranda/openwrt/staging_dir/host/bin/grep -F'
ac_cv_path_GREP=/mnt/md0/miranda/openwrt/staging_dir/host/bin/grep
ac_cv_path_LDCONFIG=
ac_cv_path_SED=/mnt/md0/miranda/openwrt/staging_dir/host/bin/sed
ac_cv_path_install='/mnt/md0/miranda/openwrt/staging_dir/host/bin/install -c'
ac_cv_path_lt_DD=/usr/bin/dd
ac_cv_path_mkdir=/usr/bin/mkdir
ac_cv_prog_AR=mips-openwrt-linux-musl-gcc-ar
ac_cv_prog_AWK=gawk
ac_cv_prog_CC=mips-openwrt-linux-musl-gcc
ac_cv_prog_CPP='mips-openwrt-linux-musl-gcc -E'
ac_cv_prog_OBJDUMP=mips-openwrt-linux-musl-objdump
ac_cv_prog_RANLIB=mips-openwrt-linux-musl-gcc-ranlib
ac_cv_prog_STRIP=mips-openwrt-linux-musl-strip
ac_cv_prog_ac_ct_MANIFEST_TOOL=mt
ac_cv_prog_cc_c89=
ac_cv_prog_cc_g=yes
ac_cv_prog_make_make_set=yes
ac_cv_regexec_segfault_emptystr=no
ac_cv_sctp=no
ac_cv_sizeof___int64=0
ac_cv_sizeof_char=1
ac_cv_sizeof_int16_t=2
ac_cv_sizeof_int32_t=4
ac_cv_sizeof_int64_t=8
ac_cv_sizeof_int=4
ac_cv_sizeof_long=4
ac_cv_sizeof_long_int=4
ac_cv_sizeof_long_long=8
ac_cv_sizeof_off_t=8
ac_cv_sizeof_short=2
ac_cv_sizeof_short_int=2
ac_cv_sizeof_size_t=4
ac_cv_sizeof_ssize_t=4
ac_cv_sizeof_u_int16_t=2
ac_cv_sizeof_u_int32_t=4
ac_cv_sizeof_u_int64_t=8
ac_cv_sizeof_uint16_t=2
ac_cv_sizeof_uint32_t=4
ac_cv_sizeof_uint64_t=8
ac_cv_sizeof_unsigned_int=4
ac_cv_sizeof_unsigned_long=4
ac_cv_sizeof_unsigned_long_long=8
ac_cv_sizeof_unsigned_short=2
ac_cv_sizeof_void_p=4
ac_cv_sys_restartable_syscalls=yes
ac_cv_time_r_type=POSIX
ac_cv_type_suseconds_t=yes
ac_cv_uchar=no
ac_cv_uint64_t=yes
ac_cv_uint=yes
ac_cv_ulong=yes
ac_cv_ushort=yes
ac_cv_va_copy=C99
ac_cv_va_val_copy=yes
am_cv_CC_dependencies_compiler_type=none
am_cv_ar_interface=ar
am_cv_make_support_nested_variables=yes
am_cv_prog_cc_c_o=yes
am_cv_prog_tar_pax=gnutar
as_cv_unaligned_access=yes
lt_cv_ar_at_file=@
lt_cv_archive_cmds_need_lc=no
lt_cv_deplibs_check_method=pass_all
lt_cv_file_magic_cmd='$MAGIC_CMD'
lt_cv_file_magic_test_file=
lt_cv_ld_reload_flag=-r
lt_cv_nm_interface='BSD nm'
lt_cv_objdir=.libs
lt_cv_path_LD=mips-openwrt-linux-musl-ld
lt_cv_path_NM=mips-openwrt-linux-musl-gcc-nm
lt_cv_path_mainfest_tool=no
lt_cv_prog_compiler_c_o=yes
lt_cv_prog_compiler_pic='-fPIC -DPIC'
lt_cv_prog_compiler_pic_works=yes
lt_cv_prog_compiler_rtti_exceptions=no
lt_cv_prog_compiler_static_works=yes
lt_cv_prog_gnu_ld=yes
lt_cv_sharedlib_from_linklib_cmd='printf %s\n'
lt_cv_shlibpath_overrides_runpath=no
lt_cv_sys_global_symbol_pipe='sed -n -e '\''s/^.*[	 ]\([ABCDGIRSTW][ABCDGIRSTW]*\)[	 ][	 ]*\([_A-Za-z][_A-Za-z0-9]*\)$/\1 \2 \2/p'\'' | sed '\''/ __gnu_lto/d'\'''
lt_cv_sys_global_symbol_to_c_name_address='sed -n -e '\''s/^: \(.*\) .*$/  {"\1", (void *) 0},/p'\'' -e '\''s/^[ABCDGIRSTW][ABCDGIRSTW]* .* \(.*\)$/  {"\1", (void *) \&\1},/p'\'''
lt_cv_sys_global_symbol_to_c_name_address_lib_prefix='sed -n -e '\''s/^: \(.*\) .*$/  {"\1", (void *) 0},/p'\'' -e '\''s/^[ABCDGIRSTW][ABCDGIRSTW]* .* \(lib.*\)$/  {"\1", (void *) \&\1},/p'\'' -e '\''s/^[ABCDGIRSTW][ABCDGIRSTW]* .* \(.*\)$/  {"lib\1", (void *) \&\1},/p'\'''
lt_cv_sys_global_symbol_to_cdecl='sed -n -e '\''s/^T .* \(.*\)$/extern int \1();/p'\'' -e '\''s/^[ABCDGIRSTW][ABCDGIRSTW]* .* \(.*\)$/extern char \1;/p'\'''
lt_cv_sys_global_symbol_to_import=
lt_cv_sys_max_cmd_len=1572864
lt_cv_to_host_file_cmd=func_convert_file_noop
lt_cv_to_tool_file_cmd=func_convert_file_noop
lt_cv_truncate_bin='/usr/bin/dd bs=4096 count=1'
pkg_cv_LIBMNL_CFLAGS=-I/mnt/md0/miranda/openwrt/staging_dir/target-mips_24kc_musl/usr/include
pkg_cv_LIBMNL_LIBS='-L/mnt/md0/miranda/openwrt/staging_dir/target-mips_24kc_musl/usr/lib -lmnl'

## ----------------- ##
## Output variables. ##
## ----------------- ##

ACLOCAL='${SHELL} '\''/mnt/md0/miranda/openwrt/build_dir/target-mips_24kc_musl/libnftnl-1.2.6/build-aux/missing'\'' aclocal-1.16'
AMDEPBACKSLASH=''
AMDEP_FALSE=''
AMDEP_TRUE='#'
AMTAR='$${TAR-tar}'
AM_BACKSLASH='\'
AM_DEFAULT_V='$(AM_DEFAULT_VERBOSITY)'
AM_DEFAULT_VERBOSITY='0'
AM_V='$(V)'
AR='mips-openwrt-linux-musl-gcc-ar'
AUTOCONF='${SHELL} '\''/mnt/md0/miranda/openwrt/build_dir/target-mips_24kc_musl/libnftnl-1.2.6/build-aux/missing'\'' autoconf'
AUTOHEADER='${SHELL} '\''/mnt/md0/miranda/openwrt/build_dir/target-mips_24kc_musl/libnftnl-1.2.6/build-aux/missing'\'' autoheader'
AUTOMAKE='${SHELL} '\''/mnt/md0/miranda/openwrt/build_dir/target-mips_24kc_musl/libnftnl-1.2.6/build-aux/missing'\'' automake-1.16'
AWK='gawk'
CC='mips-openwrt-linux-musl-gcc'
CCDEPMODE='depmode=none'
CFLAGS='-Os -pipe -mno-branch-likely -mips32r2 -mtune=24kc -fno-caller-saves -fno-plt -fhonour-copts -msoft-float -fmacro-prefix-map=/mnt/md0/miranda/openwrt/build_dir/target-mips_24kc_musl/libnftnl-1.2.6=libnftnl-1.2.6 -mips16 -minterlink-mips16 -flto=auto -fno-fat-lto-objects -Wformat -Werror=format-security -fstack-protector -D_FORTIFY_SOURCE=1 -Wl,-z,now -Wl,-z,relro -DPIC -fpic '
CPP='mips-openwrt-linux-musl-gcc -E'
CPPFLAGS='-I/mnt/md0/miranda/openwrt/staging_dir/toolchain-mips_24kc_gcc-12.3.0_musl/usr/include -I/mnt/md0/miranda/openwrt/staging_dir/toolchain-mips_24kc_gcc-12.3.0_musl/include/fortify -I/mnt/md0/miranda/openwrt/staging_dir/toolchain-mips_24kc_gcc-12.3.0_musl/include '
CYGPATH_W='echo'
DEFS='-DHAVE_CONFIG_H'
DEPDIR='.deps'
DLLTOOL='false'
DSYMUTIL=''
DUMPBIN=''
ECHO_C=''
ECHO_N='-n'
ECHO_T=''
EGREP='/mnt/md0/miranda/openwrt/staging_dir/host/bin/grep -E'
EXEEXT=''
FGREP='/mnt/md0/miranda/openwrt/staging_dir/host/bin/grep -F'
GCC_FVISIBILITY_HIDDEN='-fvisibility=hidden'
GREP='/mnt/md0/miranda/openwrt/staging_dir/host/bin/grep'
INSTALL_DATA='${INSTALL} -m 644'
INSTALL_PROGRAM='${INSTALL}'
INSTALL_SCRIPT='${INSTALL}'
INSTALL_STRIP_PROGRAM='$(install_sh) -c -s'
LD='mips-openwrt-linux-musl-ld'
LDFLAGS='-L/mnt/md0/miranda/openwrt/staging_dir/toolchain-mips_24kc_gcc-12.3.0_musl/usr/lib -L/mnt/md0/miranda/openwrt/staging_dir/toolchain-mips_24kc_gcc-12.3.0_musl/lib -flto=auto -fuse-linker-plugin -znow -zrelro '
LIBMNL_CFLAGS='-I/mnt/md0/miranda/openwrt/staging_dir/target-mips_24kc_musl/usr/include'
LIBMNL_LIBS='-L/mnt/md0/miranda/openwrt/staging_dir/target-mips_24kc_musl/usr/lib -lmnl'
LIBOBJS=''
LIBS=''
LIBTOOL='$(SHELL) $(top_builddir)/libtool'
LIPO=''
LN_S='ln -s'
LTLIBOBJS=''
LT_SYS_LIBRARY_PATH=''
MAKEINFO='${SHELL} '\''/mnt/md0/miranda/openwrt/build_dir/target-mips_24kc_musl/libnftnl-1.2.6/build-aux/missing'\'' makeinfo'
MANIFEST_TOOL=':'
MKDIR_P='/usr/bin/mkdir -p'
NM='mips-openwrt-linux-musl-gcc-nm'
NMEDIT=''
OBJDUMP='mips-openwrt-linux-musl-objdump'
OBJEXT='o'
OTOOL64=''
OTOOL=''
PACKAGE='libnftnl'
PACKAGE_BUGREPORT=''
PACKAGE_NAME='libnftnl'
PACKAGE_STRING='libnftnl 1.2.6'
PACKAGE_TARNAME='libnftnl'
PACKAGE_URL=''
PACKAGE_VERSION='1.2.6'
PATH_SEPARATOR=':'
PKG_CONFIG='/mnt/md0/miranda/openwrt/staging_dir/host/bin/pkg-config'
PKG_CONFIG_LIBDIR='/mnt/md0/miranda/openwrt/staging_dir/target-mips_24kc_musl/usr/lib/pkgconfig:/mnt/md0/miranda/openwrt/staging_dir/target-mips_24kc_musl/usr/share/pkgconfig'
PKG_CONFIG_PATH='/mnt/md0/miranda/openwrt/staging_dir/target-mips_24kc_musl/usr/lib/pkgconfig:/mnt/md0/miranda/openwrt/staging_dir/target-mips_24kc_musl/usr/share/pkgconfig'
RANLIB='mips-openwrt-linux-musl-gcc-ranlib'
SED='/mnt/md0/miranda/openwrt/staging_dir/host/bin/sed'
SET_MAKE=''
SHELL='/bin/bash'
STRIP='mips-openwrt-linux-musl-strip'
VERSION='1.2.6'
ac_ct_AR=''
ac_ct_CC=''
ac_ct_DUMPBIN=''
am__EXEEXT_FALSE=''
am__EXEEXT_TRUE='#'
am__fastdepCC_FALSE=''
am__fastdepCC_TRUE='#'
am__include='include'
am__isrc=''
am__leading_dot='.'
am__nodep=''
am__quote=''
am__tar='tar --format=posix -chf - "$$tardir"'
am__untar='tar -xf -'
bindir='/usr/bin'
build='x86_64-pc-linux-gnu'
build_alias='x86_64-pc-linux-gnu'
build_cpu='x86_64'
build_os='linux-gnu'
build_vendor='pc'
datadir='/usr/share'
datarootdir='${prefix}/share'
docdir='${datarootdir}/doc/${PACKAGE_TARNAME}'
dvidir='${docdir}'
exec_prefix='/usr'
host='mips-openwrt-linux-gnu'
host_alias='mips-openwrt-linux'
host_cpu='mips'
host_os='linux-gnu'
host_vendor='openwrt'
htmldir='${docdir}'
includedir='${prefix}/include'
infodir='/usr/info'
install_sh='${SHELL} /mnt/md0/miranda/openwrt/build_dir/target-mips_24kc_musl/libnftnl-1.2.6/build-aux/install-sh'
libdir='${exec_prefix}/lib'
libexecdir='/usr/lib'
localedir='${datarootdir}/locale'
localstatedir='/var'
mandir='/usr/man'
mkdir_p='$(MKDIR_P)'
oldincludedir='/usr/include'
pdfdir='${docdir}'
prefix='/usr'
program_transform_name='s&$$&&;s&^&&'
psdir='${docdir}'
regular_CFLAGS='-Wall -Waggregate-return -Wmissing-declarations 	-Wmissing-prototypes -Wshadow -Wstrict-prototypes 	-Wformat=2 -Wwrite-strings -pipe'
regular_CPPFLAGS='-D_FILE_OFFSET_BITS=64 -D_REENTRANT'
runstatedir='${localstatedir}/run'
sbindir='/usr/sbin'
sharedstatedir='${prefix}/com'
sysconfdir='/etc'
target_alias='mips-openwrt-linux'

## ----------- ##
## confdefs.h. ##
## ----------- ##

/* confdefs.h */
#define PACKAGE_NAME "libnftnl"
#define PACKAGE_TARNAME "libnftnl"
#define PACKAGE_VERSION "1.2.6"
#define PACKAGE_STRING "libnftnl 1.2.6"
#define PACKAGE_BUGREPORT ""
#define PACKAGE_URL ""
#define PACKAGE "libnftnl"
#define VERSION "1.2.6"
#define STDC_HEADERS 1
#define HAVE_SYS_TYPES_H 1
#define HAVE_SYS_STAT_H 1
#define HAVE_STDLIB_H 1
#define HAVE_STRING_H 1
#define HAVE_MEMORY_H 1
#define HAVE_STRINGS_H 1
#define HAVE_INTTYPES_H 1
#define HAVE_STDINT_H 1
#define HAVE_UNISTD_H 1
#define HAVE_DLFCN_H 1
#define LT_OBJDIR ".libs/"
#define HAVE_VISIBILITY_HIDDEN 1

configure: exit 0
