This file contains any messages produced by compilers while
running configure, to aid debugging if configure makes a mistake.

It was created by configure, which was
generated by GNU Autoconf 2.71.  Invocation command line was

  $ ./configure --target=mips-openwrt-linux --host=mips-openwrt-linux --build=x86_64-pc-linux-gnu --disable-dependency-tracking --program-prefix= --program-suffix= --prefix=/usr --exec-prefix=/usr --bindir=/usr/bin --sbindir=/usr/sbin --libexecdir=/usr/lib --sysconfdir=/etc --datadir=/usr/share --localstatedir=/var --mandir=/usr/man --infodir=/usr/info --disable-nls

## --------- ##
## Platform. ##
## --------- ##

hostname = eez221
uname -m = x86_64
uname -r = 5.15.0-119-generic
uname -s = Linux
uname -v = #129-Ubuntu SMP Fri Aug 2 19:25:20 UTC 2024

/usr/bin/uname -p = x86_64
/bin/uname -X     = unknown

/bin/arch              = x86_64
/usr/bin/arch -k       = unknown
/usr/convex/getsysinfo = unknown
/usr/bin/hostinfo      = unknown
/bin/machine           = unknown
/usr/bin/oslevel       = unknown
/bin/universe          = unknown

PATH: /mnt/md0/miranda/openwrt/staging_dir/target-mips_24kc_musl/host/bin/
PATH: /mnt/md0/miranda/openwrt/staging_dir/hostpkg/bin/
PATH: /mnt/md0/miranda/openwrt/staging_dir/toolchain-mips_24kc_gcc-12.3.0_musl/bin/
PATH: /mnt/md0/miranda/openwrt/staging_dir/toolchain-mips_24kc_gcc-12.3.0_musl/bin/
PATH: /mnt/md0/miranda/openwrt/staging_dir/host/bin/
PATH: /mnt/md0/miranda/openwrt/staging_dir/toolchain-mips_24kc_gcc-12.3.0_musl/bin/
PATH: /mnt/md0/miranda/openwrt/staging_dir/host/bin/
PATH: /mnt/md0/miranda/openwrt/staging_dir/host/bin/
PATH: /home/mirandad/.vscode-server/cli/servers/Stable-384ff7382de624fb94dbaf6da11977bba1ecd427/server/bin/remote-cli/
PATH: /usr/local/sbin/
PATH: /usr/local/bin/
PATH: /usr/sbin/
PATH: /usr/bin/
PATH: /sbin/
PATH: /bin/
PATH: /usr/games/
PATH: /usr/local/games/
PATH: /snap/bin/


## ----------- ##
## Core tests. ##
## ----------- ##

configure:2037: loading site script /mnt/md0/miranda/openwrt/include/site/mips
| #!/bin/sh
| . $TOPDIR/include/site/linux
| ac_cv_c_littleendian=${ac_cv_c_littleendian=no}
| ac_cv_c_bigendian=${ac_cv_c_bigendian=yes}
| 
| ac_cv_sizeof___int64=0
| ac_cv_sizeof_char=1
| ac_cv_sizeof_int=4
| ac_cv_sizeof_int16_t=2
| ac_cv_sizeof_int32_t=4
| ac_cv_sizeof_int64_t=8
| ac_cv_sizeof_long_int=4
| ac_cv_sizeof_long_long=8
| ac_cv_sizeof_long=4
| ac_cv_sizeof_off_t=8
| ac_cv_sizeof_short_int=2
| ac_cv_sizeof_short=2
| ac_cv_sizeof_size_t=4
| ac_cv_sizeof_ssize_t=4
| ac_cv_sizeof_u_int16_t=2
| ac_cv_sizeof_u_int32_t=4
| ac_cv_sizeof_u_int64_t=8
| ac_cv_sizeof_uint16_t=2
| ac_cv_sizeof_uint32_t=4
| ac_cv_sizeof_uint64_t=8
| ac_cv_sizeof_unsigned_int=4
| ac_cv_sizeof_unsigned_long=4
| ac_cv_sizeof_unsigned_long_long=8
| ac_cv_sizeof_unsigned_short=2
| ac_cv_sizeof_void_p=4
configure:2396: looking for aux files: ltmain.sh compile missing install-sh config.guess config.sub
configure:2409:  trying ./
configure:2438:   ./ltmain.sh found
configure:2438:   ./compile found
configure:2438:   ./missing found
configure:2420:   ./install-sh found
configure:2438:   ./config.guess found
configure:2438:   ./config.sub found
configure:2559: checking build system type
configure:2574: result: x86_64-pc-linux-gnu
configure:2594: checking host system type
configure:2608: result: mips-openwrt-linux-gnu
configure:2628: checking target system type
configure:2642: result: mips-openwrt-linux-gnu
configure:2687: checking for a BSD-compatible install
configure:2760: result: /mnt/md0/miranda/openwrt/staging_dir/host/bin/install -c
configure:2771: checking whether build environment is sane
configure:2826: result: yes
configure:2882: checking for mips-openwrt-linux-strip
configure:2914: result: mips-openwrt-linux-musl-strip
configure:2985: checking for a race-free mkdir -p
configure:3029: result: /usr/bin/mkdir -p
configure:3036: checking for gawk
configure:3057: found /usr/bin/gawk
configure:3068: result: gawk
configure:3079: checking whether make sets $(MAKE)
configure:3102: result: yes
configure:3132: checking whether make supports nested variables
configure:3150: result: yes
configure:3312: checking for mips-openwrt-linux-gcc
configure:3344: result: mips-openwrt-linux-musl-gcc
configure:3742: checking for C compiler version
configure:3751: mips-openwrt-linux-musl-gcc --version >&5
mips-openwrt-linux-musl-gcc (OpenWrt GCC 12.3.0 r23497-6637af95aa) 12.3.0
Copyright (C) 2022 Free Software Foundation, Inc.
This is free software; see the source for copying conditions.  There is NO
warranty; not even for MERCHANTABILITY or FITNESS FOR A PARTICULAR PURPOSE.

configure:3762: $? = 0
configure:3751: mips-openwrt-linux-musl-gcc -v >&5
Reading specs from /mnt/md0/miranda/openwrt/staging_dir/toolchain-mips_24kc_gcc-12.3.0_musl/lib/gcc/mips-openwrt-linux-musl/12.3.0/specs
COLLECT_GCC=mips-openwrt-linux-musl-gcc
COLLECT_LTO_WRAPPER=/mnt/md0/miranda/openwrt/staging_dir/toolchain-mips_24kc_gcc-12.3.0_musl/libexec/gcc/mips-openwrt-linux-musl/12.3.0/lto-wrapper
Target: mips-openwrt-linux-musl
Configured with: /mnt/md0/miranda/openwrt/build_dir/toolchain-mips_24kc_gcc-12.3.0_musl/gcc-12.3.0/configure --with-bugurl=http://bugs.openwrt.org/ --with-pkgversion='OpenWrt GCC 12.3.0 r23497-6637af95aa' --prefix=/mnt/md0/miranda/openwrt/staging_dir/toolchain-mips_24kc_gcc-12.3.0_musl --build=x86_64-pc-linux-gnu --host=x86_64-pc-linux-gnu --target=mips-openwrt-linux-musl --with-gnu-ld --enable-target-optspace --disable-libgomp --disable-libmudflap --disable-multilib --disable-libmpx --disable-nls --disable-libssp --without-isl --without-cloog --with-host-libstdcxx=-lstdc++ --with-float=soft --with-system-zlib=/mnt/md0/miranda/openwrt/staging_dir/host --with-zstd=/mnt/md0/miranda/openwrt/staging_dir/host --with-gmp=/mnt/md0/miranda/openwrt/staging_dir/host --with-mpfr=/mnt/md0/miranda/openwrt/staging_dir/host --with-mpc=/mnt/md0/miranda/openwrt/staging_dir/host --disable-decimal-float --with-diagnostics-color=auto-if-env --enable-__cxa_atexit --enable-libstdcxx-dual-abi --with-default-libstdcxx-abi=new --with-mips-plt CFLAGS='-O2 -I/mnt/md0/miranda/openwrt/staging_dir/host/include  -pipe' CXXFLAGS='-O2 -I/mnt/md0/miranda/openwrt/staging_dir/host/include  -pipe' 'CFLAGS_FOR_TARGET=-Os -pipe -mno-branch-likely -mips32r2 -mtune=24kc -fno-caller-saves -fno-plt -fhonour-copts -msoft-float -Wformat -Werror=format-security -fstack-protector -D_FORTIFY_SOURCE=1 -Wl,-z,now -Wl,-z,relro' 'CXXFLAGS_FOR_TARGET=-Os -pipe -mno-branch-likely -mips32r2 -mtune=24kc -fno-caller-saves -fno-plt -fhonour-copts -msoft-float -Wformat -Werror=format-security -fstack-protector -D_FORTIFY_SOURCE=1 -Wl,-z,now -Wl,-z,relro' 'GOCFLAGS_FOR_TARGET=-Os -pipe -mno-branch-likely -mips32r2 -mtune=24kc -fno-caller-saves -fno-plt -fhonour-copts -msoft-float -Wformat -Werror=format-security -fstack-protector -D_FORTIFY_SOURCE=1 -Wl,-z,now -Wl,-z,relro' --with-headers=/mnt/md0/miranda/openwrt/staging_dir/toolchain-mips_24kc_gcc-12.3.0_musl/include --enable-languages=c,c++ --enable-shared --enable-threads --with-slibdir=/mnt/md0/miranda/openwrt/staging_dir/toolchain-mips_24kc_gcc-12.3.0_musl/lib --enable-plugins --enable-lto --with-libelf=/mnt/md0/miranda/openwrt/staging_dir/host --disable-libsanitizer
Thread model: posix
Supported LTO compression algorithms: zlib zstd
gcc version 12.3.0 (OpenWrt GCC 12.3.0 r23497-6637af95aa) 
configure:3762: $? = 0
configure:3751: mips-openwrt-linux-musl-gcc -V >&5
mips-openwrt-linux-musl-gcc: error: unrecognized command-line option '-V'
mips-openwrt-linux-musl-gcc: fatal error: no input files
compilation terminated.
configure:3762: $? = 1
configure:3751: mips-openwrt-linux-musl-gcc -qversion >&5
mips-openwrt-linux-musl-gcc: error: unrecognized command-line option '-qversion'; did you mean '--version'?
mips-openwrt-linux-musl-gcc: fatal error: no input files
compilation terminated.
configure:3762: $? = 1
configure:3751: mips-openwrt-linux-musl-gcc -version >&5
mips-openwrt-linux-musl-gcc: error: unrecognized command-line option '-version'
mips-openwrt-linux-musl-gcc: fatal error: no input files
compilation terminated.
configure:3762: $? = 1
configure:3782: checking whether the C compiler works
configure:3804: mips-openwrt-linux-musl-gcc -Os -pipe -mno-branch-likely -mips32r2 -mtune=24kc -fno-caller-saves -fno-plt -fhonour-copts -msoft-float -fmacro-prefix-map=/mnt/md0/miranda/openwrt/build_dir/target-mips_24kc_musl/linux-ath79_generic/linux-atm-2.5.2=linux-atm-2.5.2 -mips16 -minterlink-mips16 -Wformat -Werror=format-security -fstack-protector -D_FORTIFY_SOURCE=1 -Wl,-z,now -Wl,-z,relro  -I/mnt/md0/miranda/openwrt/staging_dir/toolchain-mips_24kc_gcc-12.3.0_musl/usr/include -I/mnt/md0/miranda/openwrt/staging_dir/toolchain-mips_24kc_gcc-12.3.0_musl/include/fortify -I/mnt/md0/miranda/openwrt/staging_dir/toolchain-mips_24kc_gcc-12.3.0_musl/include  -L/mnt/md0/miranda/openwrt/staging_dir/toolchain-mips_24kc_gcc-12.3.0_musl/usr/lib -L/mnt/md0/miranda/openwrt/staging_dir/toolchain-mips_24kc_gcc-12.3.0_musl/lib -znow -zrelro  conftest.c  >&5
configure:3808: $? = 0
configure:3858: result: yes
configure:3861: checking for C compiler default output file name
configure:3863: result: a.out
configure:3869: checking for suffix of executables
configure:3876: mips-openwrt-linux-musl-gcc -o conftest -Os -pipe -mno-branch-likely -mips32r2 -mtune=24kc -fno-caller-saves -fno-plt -fhonour-copts -msoft-float -fmacro-prefix-map=/mnt/md0/miranda/openwrt/build_dir/target-mips_24kc_musl/linux-ath79_generic/linux-atm-2.5.2=linux-atm-2.5.2 -mips16 -minterlink-mips16 -Wformat -Werror=format-security -fstack-protector -D_FORTIFY_SOURCE=1 -Wl,-z,now -Wl,-z,relro  -I/mnt/md0/miranda/openwrt/staging_dir/toolchain-mips_24kc_gcc-12.3.0_musl/usr/include -I/mnt/md0/miranda/openwrt/staging_dir/toolchain-mips_24kc_gcc-12.3.0_musl/include/fortify -I/mnt/md0/miranda/openwrt/staging_dir/toolchain-mips_24kc_gcc-12.3.0_musl/include  -L/mnt/md0/miranda/openwrt/staging_dir/toolchain-mips_24kc_gcc-12.3.0_musl/usr/lib -L/mnt/md0/miranda/openwrt/staging_dir/toolchain-mips_24kc_gcc-12.3.0_musl/lib -znow -zrelro  conftest.c  >&5
configure:3880: $? = 0
configure:3903: result: 
configure:3925: checking whether we are cross compiling
configure:3963: result: yes
configure:3968: checking for suffix of object files
configure:3991: mips-openwrt-linux-musl-gcc -c -Os -pipe -mno-branch-likely -mips32r2 -mtune=24kc -fno-caller-saves -fno-plt -fhonour-copts -msoft-float -fmacro-prefix-map=/mnt/md0/miranda/openwrt/build_dir/target-mips_24kc_musl/linux-ath79_generic/linux-atm-2.5.2=linux-atm-2.5.2 -mips16 -minterlink-mips16 -Wformat -Werror=format-security -fstack-protector -D_FORTIFY_SOURCE=1 -Wl,-z,now -Wl,-z,relro  -I/mnt/md0/miranda/openwrt/staging_dir/toolchain-mips_24kc_gcc-12.3.0_musl/usr/include -I/mnt/md0/miranda/openwrt/staging_dir/toolchain-mips_24kc_gcc-12.3.0_musl/include/fortify -I/mnt/md0/miranda/openwrt/staging_dir/toolchain-mips_24kc_gcc-12.3.0_musl/include  conftest.c >&5
configure:3995: $? = 0
configure:4017: result: o
configure:4021: checking whether the compiler supports GNU C
configure:4041: mips-openwrt-linux-musl-gcc -c -Os -pipe -mno-branch-likely -mips32r2 -mtune=24kc -fno-caller-saves -fno-plt -fhonour-copts -msoft-float -fmacro-prefix-map=/mnt/md0/miranda/openwrt/build_dir/target-mips_24kc_musl/linux-ath79_generic/linux-atm-2.5.2=linux-atm-2.5.2 -mips16 -minterlink-mips16 -Wformat -Werror=format-security -fstack-protector -D_FORTIFY_SOURCE=1 -Wl,-z,now -Wl,-z,relro  -I/mnt/md0/miranda/openwrt/staging_dir/toolchain-mips_24kc_gcc-12.3.0_musl/usr/include -I/mnt/md0/miranda/openwrt/staging_dir/toolchain-mips_24kc_gcc-12.3.0_musl/include/fortify -I/mnt/md0/miranda/openwrt/staging_dir/toolchain-mips_24kc_gcc-12.3.0_musl/include  conftest.c >&5
configure:4041: $? = 0
configure:4051: result: yes
configure:4062: checking whether mips-openwrt-linux-musl-gcc accepts -g
configure:4083: mips-openwrt-linux-musl-gcc -c -g -I/mnt/md0/miranda/openwrt/staging_dir/toolchain-mips_24kc_gcc-12.3.0_musl/usr/include -I/mnt/md0/miranda/openwrt/staging_dir/toolchain-mips_24kc_gcc-12.3.0_musl/include/fortify -I/mnt/md0/miranda/openwrt/staging_dir/toolchain-mips_24kc_gcc-12.3.0_musl/include  conftest.c >&5
configure:4083: $? = 0
configure:4127: result: yes
configure:4147: checking for mips-openwrt-linux-musl-gcc option to enable C11 features
configure:4162: mips-openwrt-linux-musl-gcc  -c -Os -pipe -mno-branch-likely -mips32r2 -mtune=24kc -fno-caller-saves -fno-plt -fhonour-copts -msoft-float -fmacro-prefix-map=/mnt/md0/miranda/openwrt/build_dir/target-mips_24kc_musl/linux-ath79_generic/linux-atm-2.5.2=linux-atm-2.5.2 -mips16 -minterlink-mips16 -Wformat -Werror=format-security -fstack-protector -D_FORTIFY_SOURCE=1 -Wl,-z,now -Wl,-z,relro  -I/mnt/md0/miranda/openwrt/staging_dir/toolchain-mips_24kc_gcc-12.3.0_musl/usr/include -I/mnt/md0/miranda/openwrt/staging_dir/toolchain-mips_24kc_gcc-12.3.0_musl/include/fortify -I/mnt/md0/miranda/openwrt/staging_dir/toolchain-mips_24kc_gcc-12.3.0_musl/include  conftest.c >&5
configure:4162: $? = 0
configure:4180: result: none needed
configure:4296: checking whether mips-openwrt-linux-musl-gcc understands -c and -o together
configure:4319: mips-openwrt-linux-musl-gcc -c conftest.c -o conftest2.o
configure:4322: $? = 0
configure:4319: mips-openwrt-linux-musl-gcc -c conftest.c -o conftest2.o
configure:4322: $? = 0
configure:4334: result: yes
configure:4354: checking whether make supports the include directive
configure:4369: make -f confmf.GNU && cat confinc.out
make[4]: Entering directory '/mnt/md0/miranda/openwrt/build_dir/target-mips_24kc_musl/linux-ath79_generic/linux-atm-2.5.2'
make[4]: Leaving directory '/mnt/md0/miranda/openwrt/build_dir/target-mips_24kc_musl/linux-ath79_generic/linux-atm-2.5.2'
this is the am__doit target
configure:4372: $? = 0
configure:4391: result: yes (GNU style)
configure:4417: checking dependency style of mips-openwrt-linux-musl-gcc
configure:4529: result: none
configure:4549: checking for flex
configure:4570: found /mnt/md0/miranda/openwrt/staging_dir/host/bin/flex
configure:4581: result: flex
configure:4630: checking for lex output file root
configure:4643: flex conftest.l
configure:4647: $? = 0
configure:4655: result: lex.yy
configure:4670: checking for lex library
configure:4695: mips-openwrt-linux-musl-gcc -o conftest -Os -pipe -mno-branch-likely -mips32r2 -mtune=24kc -fno-caller-saves -fno-plt -fhonour-copts -msoft-float -fmacro-prefix-map=/mnt/md0/miranda/openwrt/build_dir/target-mips_24kc_musl/linux-ath79_generic/linux-atm-2.5.2=linux-atm-2.5.2 -mips16 -minterlink-mips16 -Wformat -Werror=format-security -fstack-protector -D_FORTIFY_SOURCE=1 -Wl,-z,now -Wl,-z,relro  -I/mnt/md0/miranda/openwrt/staging_dir/toolchain-mips_24kc_gcc-12.3.0_musl/usr/include -I/mnt/md0/miranda/openwrt/staging_dir/toolchain-mips_24kc_gcc-12.3.0_musl/include/fortify -I/mnt/md0/miranda/openwrt/staging_dir/toolchain-mips_24kc_gcc-12.3.0_musl/include  -L/mnt/md0/miranda/openwrt/staging_dir/toolchain-mips_24kc_gcc-12.3.0_musl/usr/lib -L/mnt/md0/miranda/openwrt/staging_dir/toolchain-mips_24kc_gcc-12.3.0_musl/lib -znow -zrelro  conftest.c  >&5
configure:4695: $? = 0
configure:4708: result: none needed
configure:4723: checking for library containing yywrap
configure:4753: mips-openwrt-linux-musl-gcc -o conftest -Os -pipe -mno-branch-likely -mips32r2 -mtune=24kc -fno-caller-saves -fno-plt -fhonour-copts -msoft-float -fmacro-prefix-map=/mnt/md0/miranda/openwrt/build_dir/target-mips_24kc_musl/linux-ath79_generic/linux-atm-2.5.2=linux-atm-2.5.2 -mips16 -minterlink-mips16 -Wformat -Werror=format-security -fstack-protector -D_FORTIFY_SOURCE=1 -Wl,-z,now -Wl,-z,relro  -I/mnt/md0/miranda/openwrt/staging_dir/toolchain-mips_24kc_gcc-12.3.0_musl/usr/include -I/mnt/md0/miranda/openwrt/staging_dir/toolchain-mips_24kc_gcc-12.3.0_musl/include/fortify -I/mnt/md0/miranda/openwrt/staging_dir/toolchain-mips_24kc_gcc-12.3.0_musl/include  -L/mnt/md0/miranda/openwrt/staging_dir/toolchain-mips_24kc_gcc-12.3.0_musl/usr/lib -L/mnt/md0/miranda/openwrt/staging_dir/toolchain-mips_24kc_gcc-12.3.0_musl/lib -znow -zrelro  conftest.c  >&5
/mnt/md0/miranda/openwrt/staging_dir/toolchain-mips_24kc_gcc-12.3.0_musl/lib/gcc/mips-openwrt-linux-musl/12.3.0/../../../../mips-openwrt-linux-musl/bin/ld: /mnt/md0/miranda/openwrt/tmp/ccRxXvxh.o: in function `main':
conftest.c:(.text.startup+0x2): undefined reference to `yywrap'
collect2: error: ld returned 1 exit status
configure:4753: $? = 1
configure: failed program was:
| /* confdefs.h */
| #define PACKAGE_NAME ""
| #define PACKAGE_TARNAME ""
| #define PACKAGE_VERSION ""
| #define PACKAGE_STRING ""
| #define PACKAGE_BUGREPORT ""
| #define PACKAGE_URL ""
| #define PACKAGE "linux-atm"
| #define VERSION "2.5.2"
| /* end confdefs.h.  */
| 
| /* Override any GCC internal prototype to avoid an error.
|    Use char because int might match the return type of a GCC
|    builtin and then its argument prototype would still apply.  */
| char yywrap ();
| int
| main (void)
| {
| return yywrap ();
|   ;
|   return 0;
| }
configure:4753: mips-openwrt-linux-musl-gcc -o conftest -Os -pipe -mno-branch-likely -mips32r2 -mtune=24kc -fno-caller-saves -fno-plt -fhonour-copts -msoft-float -fmacro-prefix-map=/mnt/md0/miranda/openwrt/build_dir/target-mips_24kc_musl/linux-ath79_generic/linux-atm-2.5.2=linux-atm-2.5.2 -mips16 -minterlink-mips16 -Wformat -Werror=format-security -fstack-protector -D_FORTIFY_SOURCE=1 -Wl,-z,now -Wl,-z,relro  -I/mnt/md0/miranda/openwrt/staging_dir/toolchain-mips_24kc_gcc-12.3.0_musl/usr/include -I/mnt/md0/miranda/openwrt/staging_dir/toolchain-mips_24kc_gcc-12.3.0_musl/include/fortify -I/mnt/md0/miranda/openwrt/staging_dir/toolchain-mips_24kc_gcc-12.3.0_musl/include  -L/mnt/md0/miranda/openwrt/staging_dir/toolchain-mips_24kc_gcc-12.3.0_musl/usr/lib -L/mnt/md0/miranda/openwrt/staging_dir/toolchain-mips_24kc_gcc-12.3.0_musl/lib -znow -zrelro  conftest.c -lfl   >&5
/mnt/md0/miranda/openwrt/staging_dir/toolchain-mips_24kc_gcc-12.3.0_musl/lib/gcc/mips-openwrt-linux-musl/12.3.0/../../../../mips-openwrt-linux-musl/bin/ld: cannot find -lfl: No such file or directory
collect2: error: ld returned 1 exit status
configure:4753: $? = 1
configure: failed program was:
| /* confdefs.h */
| #define PACKAGE_NAME ""
| #define PACKAGE_TARNAME ""
| #define PACKAGE_VERSION ""
| #define PACKAGE_STRING ""
| #define PACKAGE_BUGREPORT ""
| #define PACKAGE_URL ""
| #define PACKAGE "linux-atm"
| #define VERSION "2.5.2"
| /* end confdefs.h.  */
| 
| /* Override any GCC internal prototype to avoid an error.
|    Use char because int might match the return type of a GCC
|    builtin and then its argument prototype would still apply.  */
| char yywrap ();
| int
| main (void)
| {
| return yywrap ();
|   ;
|   return 0;
| }
configure:4753: mips-openwrt-linux-musl-gcc -o conftest -Os -pipe -mno-branch-likely -mips32r2 -mtune=24kc -fno-caller-saves -fno-plt -fhonour-copts -msoft-float -fmacro-prefix-map=/mnt/md0/miranda/openwrt/build_dir/target-mips_24kc_musl/linux-ath79_generic/linux-atm-2.5.2=linux-atm-2.5.2 -mips16 -minterlink-mips16 -Wformat -Werror=format-security -fstack-protector -D_FORTIFY_SOURCE=1 -Wl,-z,now -Wl,-z,relro  -I/mnt/md0/miranda/openwrt/staging_dir/toolchain-mips_24kc_gcc-12.3.0_musl/usr/include -I/mnt/md0/miranda/openwrt/staging_dir/toolchain-mips_24kc_gcc-12.3.0_musl/include/fortify -I/mnt/md0/miranda/openwrt/staging_dir/toolchain-mips_24kc_gcc-12.3.0_musl/include  -L/mnt/md0/miranda/openwrt/staging_dir/toolchain-mips_24kc_gcc-12.3.0_musl/usr/lib -L/mnt/md0/miranda/openwrt/staging_dir/toolchain-mips_24kc_gcc-12.3.0_musl/lib -znow -zrelro  conftest.c -ll   >&5
/mnt/md0/miranda/openwrt/staging_dir/toolchain-mips_24kc_gcc-12.3.0_musl/lib/gcc/mips-openwrt-linux-musl/12.3.0/../../../../mips-openwrt-linux-musl/bin/ld: cannot find -ll: No such file or directory
collect2: error: ld returned 1 exit status
configure:4753: $? = 1
configure: failed program was:
| /* confdefs.h */
| #define PACKAGE_NAME ""
| #define PACKAGE_TARNAME ""
| #define PACKAGE_VERSION ""
| #define PACKAGE_STRING ""
| #define PACKAGE_BUGREPORT ""
| #define PACKAGE_URL ""
| #define PACKAGE "linux-atm"
| #define VERSION "2.5.2"
| /* end confdefs.h.  */
| 
| /* Override any GCC internal prototype to avoid an error.
|    Use char because int might match the return type of a GCC
|    builtin and then its argument prototype would still apply.  */
| char yywrap ();
| int
| main (void)
| {
| return yywrap ();
|   ;
|   return 0;
| }
configure:4773: result: no
configure:4789: checking whether yytext is a pointer
configure:4805: mips-openwrt-linux-musl-gcc -c -Os -pipe -mno-branch-likely -mips32r2 -mtune=24kc -fno-caller-saves -fno-plt -fhonour-copts -msoft-float -fmacro-prefix-map=/mnt/md0/miranda/openwrt/build_dir/target-mips_24kc_musl/linux-ath79_generic/linux-atm-2.5.2=linux-atm-2.5.2 -mips16 -minterlink-mips16 -Wformat -Werror=format-security -fstack-protector -D_FORTIFY_SOURCE=1 -Wl,-z,now -Wl,-z,relro  -I/mnt/md0/miranda/openwrt/staging_dir/toolchain-mips_24kc_gcc-12.3.0_musl/usr/include -I/mnt/md0/miranda/openwrt/staging_dir/toolchain-mips_24kc_gcc-12.3.0_musl/include/fortify -I/mnt/md0/miranda/openwrt/staging_dir/toolchain-mips_24kc_gcc-12.3.0_musl/include  conftest.c >&5
configure:4805: $? = 0
configure:4812: result: yes
configure:4831: checking for bison
configure:4852: found /mnt/md0/miranda/openwrt/staging_dir/host/bin/bison
configure:4863: result: bison -y
configure:4924: checking how to print strings
configure:4951: result: printf
configure:4972: checking for a sed that does not truncate output
configure:5042: result: /mnt/md0/miranda/openwrt/staging_dir/host/bin/sed
configure:5059: checking for grep that handles long lines and -e
configure:5123: result: /mnt/md0/miranda/openwrt/staging_dir/host/bin/grep
configure:5128: checking for egrep
configure:5196: result: /mnt/md0/miranda/openwrt/staging_dir/host/bin/grep -E
configure:5201: checking for fgrep
configure:5269: result: /mnt/md0/miranda/openwrt/staging_dir/host/bin/grep -F
configure:5305: checking for ld used by mips-openwrt-linux-musl-gcc
configure:5373: result: mips-openwrt-linux-musl-ld
configure:5380: checking if the linker (mips-openwrt-linux-musl-ld) is GNU ld
configure:5396: result: yes
configure:5408: checking for BSD- or MS-compatible name lister (nm)
configure:5463: result: mips-openwrt-linux-musl-gcc-nm
configure:5603: checking the name lister (mips-openwrt-linux-musl-gcc-nm) interface
configure:5611: mips-openwrt-linux-musl-gcc -c -Os -pipe -mno-branch-likely -mips32r2 -mtune=24kc -fno-caller-saves -fno-plt -fhonour-copts -msoft-float -fmacro-prefix-map=/mnt/md0/miranda/openwrt/build_dir/target-mips_24kc_musl/linux-ath79_generic/linux-atm-2.5.2=linux-atm-2.5.2 -mips16 -minterlink-mips16 -Wformat -Werror=format-security -fstack-protector -D_FORTIFY_SOURCE=1 -Wl,-z,now -Wl,-z,relro  -I/mnt/md0/miranda/openwrt/staging_dir/toolchain-mips_24kc_gcc-12.3.0_musl/usr/include -I/mnt/md0/miranda/openwrt/staging_dir/toolchain-mips_24kc_gcc-12.3.0_musl/include/fortify -I/mnt/md0/miranda/openwrt/staging_dir/toolchain-mips_24kc_gcc-12.3.0_musl/include  conftest.c >&5
configure:5614: mips-openwrt-linux-musl-gcc-nm "conftest.o"
configure:5617: output
00000000 B some_variable
configure:5624: result: BSD nm
configure:5627: checking whether ln -s works
configure:5631: result: yes
configure:5639: checking the maximum length of command line arguments
configure:5771: result: 1572864
configure:5819: checking how to convert x86_64-pc-linux-gnu file names to mips-openwrt-linux-gnu format
configure:5860: result: func_convert_file_noop
configure:5867: checking how to convert x86_64-pc-linux-gnu file names to toolchain format
configure:5888: result: func_convert_file_noop
configure:5895: checking for mips-openwrt-linux-musl-ld option to reload object files
configure:5903: result: -r
configure:5937: checking for mips-openwrt-linux-file
configure:5972: result: no
configure:5982: checking for file
configure:6003: found /mnt/md0/miranda/openwrt/staging_dir/host/bin/file
configure:6014: result: file
configure:6026: WARNING: using cross tools not prefixed with host triplet
configure:6045: checking for mips-openwrt-linux-objdump
configure:6077: result: mips-openwrt-linux-musl-objdump
configure:6154: checking how to recognize dependent libraries
configure:6355: result: pass_all
configure:6400: checking for mips-openwrt-linux-dlltool
configure:6435: result: no
configure:6445: checking for dlltool
configure:6480: result: no
configure:6510: checking how to associate runtime and link libraries
configure:6538: result: printf %s\n
configure:6554: checking for mips-openwrt-linux-ar
configure:6586: result: mips-openwrt-linux-musl-gcc-ar
configure:6688: checking for archiver @FILE support
configure:6706: mips-openwrt-linux-musl-gcc -c -Os -pipe -mno-branch-likely -mips32r2 -mtune=24kc -fno-caller-saves -fno-plt -fhonour-copts -msoft-float -fmacro-prefix-map=/mnt/md0/miranda/openwrt/build_dir/target-mips_24kc_musl/linux-ath79_generic/linux-atm-2.5.2=linux-atm-2.5.2 -mips16 -minterlink-mips16 -Wformat -Werror=format-security -fstack-protector -D_FORTIFY_SOURCE=1 -Wl,-z,now -Wl,-z,relro  -I/mnt/md0/miranda/openwrt/staging_dir/toolchain-mips_24kc_gcc-12.3.0_musl/usr/include -I/mnt/md0/miranda/openwrt/staging_dir/toolchain-mips_24kc_gcc-12.3.0_musl/include/fortify -I/mnt/md0/miranda/openwrt/staging_dir/toolchain-mips_24kc_gcc-12.3.0_musl/include  conftest.c >&5
configure:6706: $? = 0
configure:6710: mips-openwrt-linux-musl-gcc-ar cr libconftest.a @conftest.lst >&5
configure:6713: $? = 0
configure:6718: mips-openwrt-linux-musl-gcc-ar cr libconftest.a @conftest.lst >&5
/mnt/md0/miranda/openwrt/staging_dir/toolchain-mips_24kc_gcc-12.3.0_musl/lib/gcc/mips-openwrt-linux-musl/12.3.0/../../../../mips-openwrt-linux-musl/bin/ar: conftest.o: No such file or directory
configure:6721: $? = 1
configure:6733: result: @
configure:6751: checking for mips-openwrt-linux-strip
configure:6783: result: mips-openwrt-linux-musl-strip
configure:6860: checking for mips-openwrt-linux-ranlib
configure:6892: result: mips-openwrt-linux-musl-gcc-ranlib
configure:7039: checking command to parse mips-openwrt-linux-musl-gcc-nm output from mips-openwrt-linux-musl-gcc object
configure:7193: mips-openwrt-linux-musl-gcc -c -Os -pipe -mno-branch-likely -mips32r2 -mtune=24kc -fno-caller-saves -fno-plt -fhonour-copts -msoft-float -fmacro-prefix-map=/mnt/md0/miranda/openwrt/build_dir/target-mips_24kc_musl/linux-ath79_generic/linux-atm-2.5.2=linux-atm-2.5.2 -mips16 -minterlink-mips16 -Wformat -Werror=format-security -fstack-protector -D_FORTIFY_SOURCE=1 -Wl,-z,now -Wl,-z,relro  -I/mnt/md0/miranda/openwrt/staging_dir/toolchain-mips_24kc_gcc-12.3.0_musl/usr/include -I/mnt/md0/miranda/openwrt/staging_dir/toolchain-mips_24kc_gcc-12.3.0_musl/include/fortify -I/mnt/md0/miranda/openwrt/staging_dir/toolchain-mips_24kc_gcc-12.3.0_musl/include  conftest.c >&5
configure:7196: $? = 0
configure:7200: mips-openwrt-linux-musl-gcc-nm conftest.o \| /mnt/md0/miranda/openwrt/staging_dir/host/bin/sed -n -e 's/^.*[ ]\([ABCDGIRSTW][ABCDGIRSTW]*\)[ ][ ]*\([_A-Za-z][_A-Za-z0-9]*\)$/\1 \2 \2/p' | /mnt/md0/miranda/openwrt/staging_dir/host/bin/sed '/ __gnu_lto/d' \> conftest.nm
configure:7203: $? = 0
configure:7269: mips-openwrt-linux-musl-gcc -o conftest -Os -pipe -mno-branch-likely -mips32r2 -mtune=24kc -fno-caller-saves -fno-plt -fhonour-copts -msoft-float -fmacro-prefix-map=/mnt/md0/miranda/openwrt/build_dir/target-mips_24kc_musl/linux-ath79_generic/linux-atm-2.5.2=linux-atm-2.5.2 -mips16 -minterlink-mips16 -Wformat -Werror=format-security -fstack-protector -D_FORTIFY_SOURCE=1 -Wl,-z,now -Wl,-z,relro  -I/mnt/md0/miranda/openwrt/staging_dir/toolchain-mips_24kc_gcc-12.3.0_musl/usr/include -I/mnt/md0/miranda/openwrt/staging_dir/toolchain-mips_24kc_gcc-12.3.0_musl/include/fortify -I/mnt/md0/miranda/openwrt/staging_dir/toolchain-mips_24kc_gcc-12.3.0_musl/include  -L/mnt/md0/miranda/openwrt/staging_dir/toolchain-mips_24kc_gcc-12.3.0_musl/usr/lib -L/mnt/md0/miranda/openwrt/staging_dir/toolchain-mips_24kc_gcc-12.3.0_musl/lib -znow -zrelro  conftest.c conftstm.o >&5
configure:7272: $? = 0
configure:7310: result: ok
configure:7357: checking for sysroot
configure:7388: result: no
configure:7395: checking for a working dd
configure:7439: result: /usr/bin/dd
configure:7443: checking how to truncate binary pipes
configure:7459: result: /usr/bin/dd bs=4096 count=1
configure:7751: checking for mips-openwrt-linux-mt
configure:7786: result: no
configure:7796: checking for mt
configure:7817: found /usr/bin/mt
configure:7828: result: mt
configure:7851: checking if mt is a manifest tool
configure:7858: mt '-?'
configure:7866: result: no
configure:8591: checking for stdio.h
configure:8591: mips-openwrt-linux-musl-gcc -c -Os -pipe -mno-branch-likely -mips32r2 -mtune=24kc -fno-caller-saves -fno-plt -fhonour-copts -msoft-float -fmacro-prefix-map=/mnt/md0/miranda/openwrt/build_dir/target-mips_24kc_musl/linux-ath79_generic/linux-atm-2.5.2=linux-atm-2.5.2 -mips16 -minterlink-mips16 -Wformat -Werror=format-security -fstack-protector -D_FORTIFY_SOURCE=1 -Wl,-z,now -Wl,-z,relro  -I/mnt/md0/miranda/openwrt/staging_dir/toolchain-mips_24kc_gcc-12.3.0_musl/usr/include -I/mnt/md0/miranda/openwrt/staging_dir/toolchain-mips_24kc_gcc-12.3.0_musl/include/fortify -I/mnt/md0/miranda/openwrt/staging_dir/toolchain-mips_24kc_gcc-12.3.0_musl/include  conftest.c >&5
configure:8591: $? = 0
configure:8591: result: yes
configure:8591: checking for stdlib.h
configure:8591: mips-openwrt-linux-musl-gcc -c -Os -pipe -mno-branch-likely -mips32r2 -mtune=24kc -fno-caller-saves -fno-plt -fhonour-copts -msoft-float -fmacro-prefix-map=/mnt/md0/miranda/openwrt/build_dir/target-mips_24kc_musl/linux-ath79_generic/linux-atm-2.5.2=linux-atm-2.5.2 -mips16 -minterlink-mips16 -Wformat -Werror=format-security -fstack-protector -D_FORTIFY_SOURCE=1 -Wl,-z,now -Wl,-z,relro  -I/mnt/md0/miranda/openwrt/staging_dir/toolchain-mips_24kc_gcc-12.3.0_musl/usr/include -I/mnt/md0/miranda/openwrt/staging_dir/toolchain-mips_24kc_gcc-12.3.0_musl/include/fortify -I/mnt/md0/miranda/openwrt/staging_dir/toolchain-mips_24kc_gcc-12.3.0_musl/include  conftest.c >&5
configure:8591: $? = 0
configure:8591: result: yes
configure:8591: checking for string.h
configure:8591: mips-openwrt-linux-musl-gcc -c -Os -pipe -mno-branch-likely -mips32r2 -mtune=24kc -fno-caller-saves -fno-plt -fhonour-copts -msoft-float -fmacro-prefix-map=/mnt/md0/miranda/openwrt/build_dir/target-mips_24kc_musl/linux-ath79_generic/linux-atm-2.5.2=linux-atm-2.5.2 -mips16 -minterlink-mips16 -Wformat -Werror=format-security -fstack-protector -D_FORTIFY_SOURCE=1 -Wl,-z,now -Wl,-z,relro  -I/mnt/md0/miranda/openwrt/staging_dir/toolchain-mips_24kc_gcc-12.3.0_musl/usr/include -I/mnt/md0/miranda/openwrt/staging_dir/toolchain-mips_24kc_gcc-12.3.0_musl/include/fortify -I/mnt/md0/miranda/openwrt/staging_dir/toolchain-mips_24kc_gcc-12.3.0_musl/include  conftest.c >&5
configure:8591: $? = 0
configure:8591: result: yes
configure:8591: checking for inttypes.h
configure:8591: mips-openwrt-linux-musl-gcc -c -Os -pipe -mno-branch-likely -mips32r2 -mtune=24kc -fno-caller-saves -fno-plt -fhonour-copts -msoft-float -fmacro-prefix-map=/mnt/md0/miranda/openwrt/build_dir/target-mips_24kc_musl/linux-ath79_generic/linux-atm-2.5.2=linux-atm-2.5.2 -mips16 -minterlink-mips16 -Wformat -Werror=format-security -fstack-protector -D_FORTIFY_SOURCE=1 -Wl,-z,now -Wl,-z,relro  -I/mnt/md0/miranda/openwrt/staging_dir/toolchain-mips_24kc_gcc-12.3.0_musl/usr/include -I/mnt/md0/miranda/openwrt/staging_dir/toolchain-mips_24kc_gcc-12.3.0_musl/include/fortify -I/mnt/md0/miranda/openwrt/staging_dir/toolchain-mips_24kc_gcc-12.3.0_musl/include  conftest.c >&5
configure:8591: $? = 0
configure:8591: result: yes
configure:8591: checking for stdint.h
configure:8591: mips-openwrt-linux-musl-gcc -c -Os -pipe -mno-branch-likely -mips32r2 -mtune=24kc -fno-caller-saves -fno-plt -fhonour-copts -msoft-float -fmacro-prefix-map=/mnt/md0/miranda/openwrt/build_dir/target-mips_24kc_musl/linux-ath79_generic/linux-atm-2.5.2=linux-atm-2.5.2 -mips16 -minterlink-mips16 -Wformat -Werror=format-security -fstack-protector -D_FORTIFY_SOURCE=1 -Wl,-z,now -Wl,-z,relro  -I/mnt/md0/miranda/openwrt/staging_dir/toolchain-mips_24kc_gcc-12.3.0_musl/usr/include -I/mnt/md0/miranda/openwrt/staging_dir/toolchain-mips_24kc_gcc-12.3.0_musl/include/fortify -I/mnt/md0/miranda/openwrt/staging_dir/toolchain-mips_24kc_gcc-12.3.0_musl/include  conftest.c >&5
configure:8591: $? = 0
configure:8591: result: yes
configure:8591: checking for strings.h
configure:8591: mips-openwrt-linux-musl-gcc -c -Os -pipe -mno-branch-likely -mips32r2 -mtune=24kc -fno-caller-saves -fno-plt -fhonour-copts -msoft-float -fmacro-prefix-map=/mnt/md0/miranda/openwrt/build_dir/target-mips_24kc_musl/linux-ath79_generic/linux-atm-2.5.2=linux-atm-2.5.2 -mips16 -minterlink-mips16 -Wformat -Werror=format-security -fstack-protector -D_FORTIFY_SOURCE=1 -Wl,-z,now -Wl,-z,relro  -I/mnt/md0/miranda/openwrt/staging_dir/toolchain-mips_24kc_gcc-12.3.0_musl/usr/include -I/mnt/md0/miranda/openwrt/staging_dir/toolchain-mips_24kc_gcc-12.3.0_musl/include/fortify -I/mnt/md0/miranda/openwrt/staging_dir/toolchain-mips_24kc_gcc-12.3.0_musl/include  conftest.c >&5
configure:8591: $? = 0
configure:8591: result: yes
configure:8591: checking for sys/stat.h
configure:8591: mips-openwrt-linux-musl-gcc -c -Os -pipe -mno-branch-likely -mips32r2 -mtune=24kc -fno-caller-saves -fno-plt -fhonour-copts -msoft-float -fmacro-prefix-map=/mnt/md0/miranda/openwrt/build_dir/target-mips_24kc_musl/linux-ath79_generic/linux-atm-2.5.2=linux-atm-2.5.2 -mips16 -minterlink-mips16 -Wformat -Werror=format-security -fstack-protector -D_FORTIFY_SOURCE=1 -Wl,-z,now -Wl,-z,relro  -I/mnt/md0/miranda/openwrt/staging_dir/toolchain-mips_24kc_gcc-12.3.0_musl/usr/include -I/mnt/md0/miranda/openwrt/staging_dir/toolchain-mips_24kc_gcc-12.3.0_musl/include/fortify -I/mnt/md0/miranda/openwrt/staging_dir/toolchain-mips_24kc_gcc-12.3.0_musl/include  conftest.c >&5
configure:8591: $? = 0
configure:8591: result: yes
configure:8591: checking for sys/types.h
configure:8591: mips-openwrt-linux-musl-gcc -c -Os -pipe -mno-branch-likely -mips32r2 -mtune=24kc -fno-caller-saves -fno-plt -fhonour-copts -msoft-float -fmacro-prefix-map=/mnt/md0/miranda/openwrt/build_dir/target-mips_24kc_musl/linux-ath79_generic/linux-atm-2.5.2=linux-atm-2.5.2 -mips16 -minterlink-mips16 -Wformat -Werror=format-security -fstack-protector -D_FORTIFY_SOURCE=1 -Wl,-z,now -Wl,-z,relro  -I/mnt/md0/miranda/openwrt/staging_dir/toolchain-mips_24kc_gcc-12.3.0_musl/usr/include -I/mnt/md0/miranda/openwrt/staging_dir/toolchain-mips_24kc_gcc-12.3.0_musl/include/fortify -I/mnt/md0/miranda/openwrt/staging_dir/toolchain-mips_24kc_gcc-12.3.0_musl/include  conftest.c >&5
configure:8591: $? = 0
configure:8591: result: yes
configure:8591: checking for unistd.h
configure:8591: mips-openwrt-linux-musl-gcc -c -Os -pipe -mno-branch-likely -mips32r2 -mtune=24kc -fno-caller-saves -fno-plt -fhonour-copts -msoft-float -fmacro-prefix-map=/mnt/md0/miranda/openwrt/build_dir/target-mips_24kc_musl/linux-ath79_generic/linux-atm-2.5.2=linux-atm-2.5.2 -mips16 -minterlink-mips16 -Wformat -Werror=format-security -fstack-protector -D_FORTIFY_SOURCE=1 -Wl,-z,now -Wl,-z,relro  -I/mnt/md0/miranda/openwrt/staging_dir/toolchain-mips_24kc_gcc-12.3.0_musl/usr/include -I/mnt/md0/miranda/openwrt/staging_dir/toolchain-mips_24kc_gcc-12.3.0_musl/include/fortify -I/mnt/md0/miranda/openwrt/staging_dir/toolchain-mips_24kc_gcc-12.3.0_musl/include  conftest.c >&5
configure:8591: $? = 0
configure:8591: result: yes
configure:8616: checking for dlfcn.h
configure:8616: mips-openwrt-linux-musl-gcc -c -Os -pipe -mno-branch-likely -mips32r2 -mtune=24kc -fno-caller-saves -fno-plt -fhonour-copts -msoft-float -fmacro-prefix-map=/mnt/md0/miranda/openwrt/build_dir/target-mips_24kc_musl/linux-ath79_generic/linux-atm-2.5.2=linux-atm-2.5.2 -mips16 -minterlink-mips16 -Wformat -Werror=format-security -fstack-protector -D_FORTIFY_SOURCE=1 -Wl,-z,now -Wl,-z,relro  -I/mnt/md0/miranda/openwrt/staging_dir/toolchain-mips_24kc_gcc-12.3.0_musl/usr/include -I/mnt/md0/miranda/openwrt/staging_dir/toolchain-mips_24kc_gcc-12.3.0_musl/include/fortify -I/mnt/md0/miranda/openwrt/staging_dir/toolchain-mips_24kc_gcc-12.3.0_musl/include  conftest.c >&5
configure:8616: $? = 0
configure:8616: result: yes
configure:8875: checking for objdir
configure:8891: result: .libs
configure:9151: checking if mips-openwrt-linux-musl-gcc supports -fno-rtti -fno-exceptions
configure:9170: mips-openwrt-linux-musl-gcc -c -Os -pipe -mno-branch-likely -mips32r2 -mtune=24kc -fno-caller-saves -fno-plt -fhonour-copts -msoft-float -fmacro-prefix-map=/mnt/md0/miranda/openwrt/build_dir/target-mips_24kc_musl/linux-ath79_generic/linux-atm-2.5.2=linux-atm-2.5.2 -mips16 -minterlink-mips16 -Wformat -Werror=format-security -fstack-protector -D_FORTIFY_SOURCE=1 -Wl,-z,now -Wl,-z,relro  -I/mnt/md0/miranda/openwrt/staging_dir/toolchain-mips_24kc_gcc-12.3.0_musl/usr/include -I/mnt/md0/miranda/openwrt/staging_dir/toolchain-mips_24kc_gcc-12.3.0_musl/include/fortify -I/mnt/md0/miranda/openwrt/staging_dir/toolchain-mips_24kc_gcc-12.3.0_musl/include  -fno-rtti -fno-exceptions conftest.c >&5
cc1: warning: command-line option '-fno-rtti' is valid for C++/D/ObjC++ but not for C
configure:9174: $? = 0
configure:9187: result: no
configure:9545: checking for mips-openwrt-linux-musl-gcc option to produce PIC
configure:9553: result: -fPIC -DPIC
configure:9561: checking if mips-openwrt-linux-musl-gcc PIC flag -fPIC -DPIC works
configure:9580: mips-openwrt-linux-musl-gcc -c -Os -pipe -mno-branch-likely -mips32r2 -mtune=24kc -fno-caller-saves -fno-plt -fhonour-copts -msoft-float -fmacro-prefix-map=/mnt/md0/miranda/openwrt/build_dir/target-mips_24kc_musl/linux-ath79_generic/linux-atm-2.5.2=linux-atm-2.5.2 -mips16 -minterlink-mips16 -Wformat -Werror=format-security -fstack-protector -D_FORTIFY_SOURCE=1 -Wl,-z,now -Wl,-z,relro  -I/mnt/md0/miranda/openwrt/staging_dir/toolchain-mips_24kc_gcc-12.3.0_musl/usr/include -I/mnt/md0/miranda/openwrt/staging_dir/toolchain-mips_24kc_gcc-12.3.0_musl/include/fortify -I/mnt/md0/miranda/openwrt/staging_dir/toolchain-mips_24kc_gcc-12.3.0_musl/include  -fPIC -DPIC -DPIC conftest.c >&5
configure:9584: $? = 0
configure:9597: result: yes
configure:9626: checking if mips-openwrt-linux-musl-gcc static flag -static works
configure:9655: result: yes
configure:9670: checking if mips-openwrt-linux-musl-gcc supports -c -o file.o
configure:9692: mips-openwrt-linux-musl-gcc -c -Os -pipe -mno-branch-likely -mips32r2 -mtune=24kc -fno-caller-saves -fno-plt -fhonour-copts -msoft-float -fmacro-prefix-map=/mnt/md0/miranda/openwrt/build_dir/target-mips_24kc_musl/linux-ath79_generic/linux-atm-2.5.2=linux-atm-2.5.2 -mips16 -minterlink-mips16 -Wformat -Werror=format-security -fstack-protector -D_FORTIFY_SOURCE=1 -Wl,-z,now -Wl,-z,relro  -I/mnt/md0/miranda/openwrt/staging_dir/toolchain-mips_24kc_gcc-12.3.0_musl/usr/include -I/mnt/md0/miranda/openwrt/staging_dir/toolchain-mips_24kc_gcc-12.3.0_musl/include/fortify -I/mnt/md0/miranda/openwrt/staging_dir/toolchain-mips_24kc_gcc-12.3.0_musl/include  -o out/conftest2.o conftest.c >&5
configure:9696: $? = 0
configure:9718: result: yes
configure:9726: checking if mips-openwrt-linux-musl-gcc supports -c -o file.o
configure:9774: result: yes
configure:9807: checking whether the mips-openwrt-linux-musl-gcc linker (mips-openwrt-linux-musl-ld) supports shared libraries
configure:11075: result: yes
configure:11112: checking whether -lc should be explicitly linked in
configure:11121: mips-openwrt-linux-musl-gcc -c -Os -pipe -mno-branch-likely -mips32r2 -mtune=24kc -fno-caller-saves -fno-plt -fhonour-copts -msoft-float -fmacro-prefix-map=/mnt/md0/miranda/openwrt/build_dir/target-mips_24kc_musl/linux-ath79_generic/linux-atm-2.5.2=linux-atm-2.5.2 -mips16 -minterlink-mips16 -Wformat -Werror=format-security -fstack-protector -D_FORTIFY_SOURCE=1 -Wl,-z,now -Wl,-z,relro  -I/mnt/md0/miranda/openwrt/staging_dir/toolchain-mips_24kc_gcc-12.3.0_musl/usr/include -I/mnt/md0/miranda/openwrt/staging_dir/toolchain-mips_24kc_gcc-12.3.0_musl/include/fortify -I/mnt/md0/miranda/openwrt/staging_dir/toolchain-mips_24kc_gcc-12.3.0_musl/include  conftest.c >&5
configure:11124: $? = 0
configure:11139: mips-openwrt-linux-musl-gcc -shared  -fPIC -DPIC conftest.o  -v -Wl,-soname -Wl,conftest -o conftest 2\>\&1 \| /mnt/md0/miranda/openwrt/staging_dir/host/bin/grep  -lc  \>/dev/null 2\>\&1
configure:11142: $? = 0
configure:11156: result: no
configure:11316: checking dynamic linker characteristics
configure:11898: mips-openwrt-linux-musl-gcc -o conftest -Os -pipe -mno-branch-likely -mips32r2 -mtune=24kc -fno-caller-saves -fno-plt -fhonour-copts -msoft-float -fmacro-prefix-map=/mnt/md0/miranda/openwrt/build_dir/target-mips_24kc_musl/linux-ath79_generic/linux-atm-2.5.2=linux-atm-2.5.2 -mips16 -minterlink-mips16 -Wformat -Werror=format-security -fstack-protector -D_FORTIFY_SOURCE=1 -Wl,-z,now -Wl,-z,relro  -I/mnt/md0/miranda/openwrt/staging_dir/toolchain-mips_24kc_gcc-12.3.0_musl/usr/include -I/mnt/md0/miranda/openwrt/staging_dir/toolchain-mips_24kc_gcc-12.3.0_musl/include/fortify -I/mnt/md0/miranda/openwrt/staging_dir/toolchain-mips_24kc_gcc-12.3.0_musl/include  -L/mnt/md0/miranda/openwrt/staging_dir/toolchain-mips_24kc_gcc-12.3.0_musl/usr/lib -L/mnt/md0/miranda/openwrt/staging_dir/toolchain-mips_24kc_gcc-12.3.0_musl/lib -znow -zrelro  -Wl,-rpath -Wl,/foo conftest.c  >&5
configure:11898: $? = 0
configure:12137: result: GNU/Linux ld.so
configure:12259: checking how to hardcode library paths into programs
configure:12284: result: immediate
configure:12836: checking whether stripping libraries is possible
configure:12845: result: yes
configure:12887: checking if libtool supports shared libraries
configure:12889: result: yes
configure:12892: checking whether to build shared libraries
configure:12917: result: yes
configure:12920: checking whether to build static libraries
configure:12924: result: yes
configure:12965: checking for perl
configure:12988: found /mnt/md0/miranda/openwrt/staging_dir/host/bin/perl
configure:13000: result: /mnt/md0/miranda/openwrt/staging_dir/host/bin/perl
configure:13011: checking for asm/errno.h
configure:13011: mips-openwrt-linux-musl-gcc -c -Os -pipe -mno-branch-likely -mips32r2 -mtune=24kc -fno-caller-saves -fno-plt -fhonour-copts -msoft-float -fmacro-prefix-map=/mnt/md0/miranda/openwrt/build_dir/target-mips_24kc_musl/linux-ath79_generic/linux-atm-2.5.2=linux-atm-2.5.2 -mips16 -minterlink-mips16 -Wformat -Werror=format-security -fstack-protector -D_FORTIFY_SOURCE=1 -Wl,-z,now -Wl,-z,relro  -I/mnt/md0/miranda/openwrt/staging_dir/toolchain-mips_24kc_gcc-12.3.0_musl/usr/include -I/mnt/md0/miranda/openwrt/staging_dir/toolchain-mips_24kc_gcc-12.3.0_musl/include/fortify -I/mnt/md0/miranda/openwrt/staging_dir/toolchain-mips_24kc_gcc-12.3.0_musl/include  conftest.c >&5
configure:13011: $? = 0
configure:13011: result: yes
configure:13021: checking for linux/atmsap.h
configure:13021: mips-openwrt-linux-musl-gcc -c -Os -pipe -mno-branch-likely -mips32r2 -mtune=24kc -fno-caller-saves -fno-plt -fhonour-copts -msoft-float -fmacro-prefix-map=/mnt/md0/miranda/openwrt/build_dir/target-mips_24kc_musl/linux-ath79_generic/linux-atm-2.5.2=linux-atm-2.5.2 -mips16 -minterlink-mips16 -Wformat -Werror=format-security -fstack-protector -D_FORTIFY_SOURCE=1 -Wl,-z,now -Wl,-z,relro  -I/mnt/md0/miranda/openwrt/staging_dir/toolchain-mips_24kc_gcc-12.3.0_musl/usr/include -I/mnt/md0/miranda/openwrt/staging_dir/toolchain-mips_24kc_gcc-12.3.0_musl/include/fortify -I/mnt/md0/miranda/openwrt/staging_dir/toolchain-mips_24kc_gcc-12.3.0_musl/include  conftest.c >&5
configure:13021: $? = 0
configure:13021: result: yes
configure:13031: checking for main in -lresolv
configure:13051: mips-openwrt-linux-musl-gcc -o conftest -Os -pipe -mno-branch-likely -mips32r2 -mtune=24kc -fno-caller-saves -fno-plt -fhonour-copts -msoft-float -fmacro-prefix-map=/mnt/md0/miranda/openwrt/build_dir/target-mips_24kc_musl/linux-ath79_generic/linux-atm-2.5.2=linux-atm-2.5.2 -mips16 -minterlink-mips16 -Wformat -Werror=format-security -fstack-protector -D_FORTIFY_SOURCE=1 -Wl,-z,now -Wl,-z,relro  -I/mnt/md0/miranda/openwrt/staging_dir/toolchain-mips_24kc_gcc-12.3.0_musl/usr/include -I/mnt/md0/miranda/openwrt/staging_dir/toolchain-mips_24kc_gcc-12.3.0_musl/include/fortify -I/mnt/md0/miranda/openwrt/staging_dir/toolchain-mips_24kc_gcc-12.3.0_musl/include  -L/mnt/md0/miranda/openwrt/staging_dir/toolchain-mips_24kc_gcc-12.3.0_musl/usr/lib -L/mnt/md0/miranda/openwrt/staging_dir/toolchain-mips_24kc_gcc-12.3.0_musl/lib -znow -zrelro  conftest.c -lresolv   >&5
configure:13051: $? = 0
configure:13061: result: yes
configure:13080: checking cc for build
configure:13086: checking for gcc
configure:13107: found /mnt/md0/miranda/openwrt/staging_dir/host/bin/gcc
configure:13118: result: gcc
configure:13129: result: gcc
configure:13379: mips-openwrt-linux-musl-gcc -c -I$(top_srcdir)/src/include -Os -pipe -mno-branch-likely -mips32r2 -mtune=24kc -fno-caller-saves -fno-plt -fhonour-copts -msoft-float -fmacro-prefix-map=/mnt/md0/miranda/openwrt/build_dir/target-mips_24kc_musl/linux-ath79_generic/linux-atm-2.5.2=linux-atm-2.5.2 -mips16 -minterlink-mips16 -Wformat -Werror=format-security -fstack-protector -D_FORTIFY_SOURCE=1 -Wl,-z,now -Wl,-z,relro  -Wall -Wshadow -Wpointer-arith -Wwrite-strings -Wstrict-prototypes -I/mnt/md0/miranda/openwrt/staging_dir/toolchain-mips_24kc_gcc-12.3.0_musl/usr/include -I/mnt/md0/miranda/openwrt/staging_dir/toolchain-mips_24kc_gcc-12.3.0_musl/include/fortify -I/mnt/md0/miranda/openwrt/staging_dir/toolchain-mips_24kc_gcc-12.3.0_musl/include  conftest.c >&5
conftest.c:58:10: fatal error: linux/atmoam.h: No such file or directory
   58 | #include <linux/atmoam.h>
      |          ^~~~~~~~~~~~~~~~
compilation terminated.
configure:13379: $? = 1
configure: failed program was:
| /* confdefs.h */
| #define PACKAGE_NAME ""
| #define PACKAGE_TARNAME ""
| #define PACKAGE_VERSION ""
| #define PACKAGE_STRING ""
| #define PACKAGE_BUGREPORT ""
| #define PACKAGE_URL ""
| #define PACKAGE "linux-atm"
| #define VERSION "2.5.2"
| #define YYTEXT_POINTER 1
| #define HAVE_STDIO_H 1
| #define HAVE_STDLIB_H 1
| #define HAVE_STRING_H 1
| #define HAVE_INTTYPES_H 1
| #define HAVE_STDINT_H 1
| #define HAVE_STRINGS_H 1
| #define HAVE_SYS_STAT_H 1
| #define HAVE_SYS_TYPES_H 1
| #define HAVE_UNISTD_H 1
| #define STDC_HEADERS 1
| #define HAVE_DLFCN_H 1
| #define LT_OBJDIR ".libs/"
| #define HAVE_LIBRESOLV 1
| #define YY_USE_CONST /**/
| #define ATMSIGD_CONF "/etc/atmsigd.conf"
| #define DYNAMIC_UNI 1
| #define BROKEN_POLL /**/
| /* end confdefs.h.  */
| #include <stddef.h>
| #ifdef HAVE_STDIO_H
| # include <stdio.h>
| #endif
| #ifdef HAVE_STDLIB_H
| # include <stdlib.h>
| #endif
| #ifdef HAVE_STRING_H
| # include <string.h>
| #endif
| #ifdef HAVE_INTTYPES_H
| # include <inttypes.h>
| #endif
| #ifdef HAVE_STDINT_H
| # include <stdint.h>
| #endif
| #ifdef HAVE_STRINGS_H
| # include <strings.h>
| #endif
| #ifdef HAVE_SYS_TYPES_H
| # include <sys/types.h>
| #endif
| #ifdef HAVE_SYS_STAT_H
| # include <sys/stat.h>
| #endif
| #ifdef HAVE_UNISTD_H
| # include <unistd.h>
| #endif
| #include <stdint.h>
| #include <linux/atmoam.h>
| 
| int
| main (void)
| {
|  int fd;
| 
|   ioctl(fd, ATMOAMD_CTRL, 0);
| 
|   ;
|   return 0;
| }
configure:13383: WARNING: *** atmoamd will not be built.  Missing kernel support?
configure:13491: checking that generated files are newer than configure
configure:13497: result: done
configure:13520: creating ./config.status

## ---------------------- ##
## Running config.status. ##
## ---------------------- ##

This file was extended by config.status, which was
generated by GNU Autoconf 2.71.  Invocation command line was

  CONFIG_FILES    = 
  CONFIG_HEADERS  = 
  CONFIG_LINKS    = 
  CONFIG_COMMANDS = 
  $ ./config.status 

on eez221

config.status:1137: creating Makefile
config.status:1137: creating doc/Makefile
config.status:1137: creating src/Makefile
config.status:1137: creating src/include/Makefile
config.status:1137: creating src/lib/Makefile
config.status:1137: creating src/test/Makefile
config.status:1137: creating src/debug/Makefile
config.status:1137: creating src/qgen/Makefile
config.status:1137: creating src/saal/Makefile
config.status:1137: creating src/q2931/Makefile
config.status:1137: creating src/sigd/Makefile
config.status:1137: creating src/maint/Makefile
config.status:1137: creating src/arpd/Makefile
config.status:1137: creating src/ilmid/Makefile
config.status:1137: creating src/ilmid/asn1/Makefile
config.status:1137: creating src/man/Makefile
config.status:1137: creating src/led/Makefile
config.status:1137: creating src/lane/Makefile
config.status:1137: creating src/mpoad/Makefile
config.status:1137: creating src/oamd/Makefile
config.status:1137: creating src/switch/Makefile
config.status:1137: creating src/switch/debug/Makefile
config.status:1137: creating src/switch/tcp/Makefile
config.status:1137: creating src/br2684/Makefile
config.status:1137: creating src/config/Makefile
config.status:1137: creating src/extra/Makefile
config.status:1137: creating src/extra/linux-atm.spec
config.status:1137: creating config.h
config.status:1366: executing depfiles commands
config.status:1366: executing libtool commands
configure:15687: WARNING: unrecognized options: --disable-nls

## ---------------- ##
## Cache variables. ##
## ---------------- ##

ac_cv_build=x86_64-pc-linux-gnu
ac_cv_c_bigendian=yes
ac_cv_c_compiler_gnu=yes
ac_cv_c_gettext_without_libintl=yes
ac_cv_c_littleendian=no
ac_cv_c_long_double=no
ac_cv_conv_longlong_to_float=yes
ac_cv_env_CC_set=set
ac_cv_env_CC_value=mips-openwrt-linux-musl-gcc
ac_cv_env_CFLAGS_set=set
ac_cv_env_CFLAGS_value='-Os -pipe -mno-branch-likely -mips32r2 -mtune=24kc -fno-caller-saves -fno-plt -fhonour-copts -msoft-float -fmacro-prefix-map=/mnt/md0/miranda/openwrt/build_dir/target-mips_24kc_musl/linux-ath79_generic/linux-atm-2.5.2=linux-atm-2.5.2 -mips16 -minterlink-mips16 -Wformat -Werror=format-security -fstack-protector -D_FORTIFY_SOURCE=1 -Wl,-z,now -Wl,-z,relro '
ac_cv_env_CPPFLAGS_set=set
ac_cv_env_CPPFLAGS_value='-I/mnt/md0/miranda/openwrt/staging_dir/toolchain-mips_24kc_gcc-12.3.0_musl/usr/include -I/mnt/md0/miranda/openwrt/staging_dir/toolchain-mips_24kc_gcc-12.3.0_musl/include/fortify -I/mnt/md0/miranda/openwrt/staging_dir/toolchain-mips_24kc_gcc-12.3.0_musl/include '
ac_cv_env_LDFLAGS_set=set
ac_cv_env_LDFLAGS_value='-L/mnt/md0/miranda/openwrt/staging_dir/toolchain-mips_24kc_gcc-12.3.0_musl/usr/lib -L/mnt/md0/miranda/openwrt/staging_dir/toolchain-mips_24kc_gcc-12.3.0_musl/lib -znow -zrelro '
ac_cv_env_LIBS_set=
ac_cv_env_LIBS_value=
ac_cv_env_LT_SYS_LIBRARY_PATH_set=
ac_cv_env_LT_SYS_LIBRARY_PATH_value=
ac_cv_env_YACC_set=
ac_cv_env_YACC_value=
ac_cv_env_YFLAGS_set=
ac_cv_env_YFLAGS_value=
ac_cv_env_build_alias_set=set
ac_cv_env_build_alias_value=x86_64-pc-linux-gnu
ac_cv_env_host_alias_set=set
ac_cv_env_host_alias_value=mips-openwrt-linux
ac_cv_env_target_alias_set=set
ac_cv_env_target_alias_value=mips-openwrt-linux
ac_cv_file__dev_zero=yes
ac_cv_func___adjtimex=yes
ac_cv_func___va_copy=no
ac_cv_func__exit=yes
ac_cv_func_bcmp=yes
ac_cv_func_bcopy=yes
ac_cv_func_bzero=yes
ac_cv_func_cimag=yes
ac_cv_func_creal=yes
ac_cv_func_fchmod=yes
ac_cv_func_getaddrinfo=yes
ac_cv_func_getcwd=yes
ac_cv_func_getdomainname=yes
ac_cv_func_getpgrp_void=yes
ac_cv_func_getpwuid_r=yes
ac_cv_func_gettimeofday=yes
ac_cv_func_index=yes
ac_cv_func_lstat=yes
ac_cv_func_lstat_dereferences_slashed_symlink=yes
ac_cv_func_lstat_empty_string_bug=no
ac_cv_func_malloc_0_nonnull=yes
ac_cv_func_malloc_works=yes
ac_cv_func_memcmp_clean=yes
ac_cv_func_memcmp_working=yes
ac_cv_func_posix_getgrgid_r=yes
ac_cv_func_posix_getpwuid_r=yes
ac_cv_func_psignal=yes
ac_cv_func_pthread_key_delete=yes
ac_cv_func_realloc_0_nonnull=yes
ac_cv_func_realloc_works=yes
ac_cv_func_rename=yes
ac_cv_func_rindex=yes
ac_cv_func_setgrent_void=yes
ac_cv_func_setlocale=yes
ac_cv_func_setpgrp_void=yes
ac_cv_func_setresuid=no
ac_cv_func_setvbuf_reversed=no
ac_cv_func_stat_empty_string_bug=no
ac_cv_func_stat_ignores_trailing_slash=no
ac_cv_func_strerror=yes
ac_cv_func_strftime=yes
ac_cv_func_utimes=yes
ac_cv_func_va_copy=no
ac_cv_func_vsnprintf=yes
ac_cv_have_accrights_in_msghdr=no
ac_cv_have_broken_snprintf=no
ac_cv_have_control_in_msghdr=yes
ac_cv_have_decl_sys_siglist=no
ac_cv_have_openpty_ctty_bug=yes
ac_cv_have_space_d_name_in_struct_dirent=yes
ac_cv_header_asm_errno_h=yes
ac_cv_header_dlfcn_h=yes
ac_cv_header_inttypes_h=yes
ac_cv_header_linux_atmsap_h=yes
ac_cv_header_netinet_sctp_h=no
ac_cv_header_netinet_sctp_uio_h=no
ac_cv_header_stdint_h=yes
ac_cv_header_stdio_h=yes
ac_cv_header_stdlib_h=yes
ac_cv_header_string_h=yes
ac_cv_header_strings_h=yes
ac_cv_header_sys_stat_h=yes
ac_cv_header_sys_types_h=yes
ac_cv_header_unistd_h=yes
ac_cv_host=mips-openwrt-linux-gnu
ac_cv_int64_t=yes
ac_cv_lbl_unaligned_fail=no
ac_cv_lib_lex='none needed'
ac_cv_lib_resolv_main=yes
ac_cv_linux_kernel_pppoe=yes
ac_cv_linux_vers=2
ac_cv_objext=o
ac_cv_pack_bitfields_reversed=yes
ac_cv_path_EGREP='/mnt/md0/miranda/openwrt/staging_dir/host/bin/grep -E'
ac_cv_path_FGREP='/mnt/md0/miranda/openwrt/staging_dir/host/bin/grep -F'
ac_cv_path_GREP=/mnt/md0/miranda/openwrt/staging_dir/host/bin/grep
ac_cv_path_LDCONFIG=
ac_cv_path_PERL=/mnt/md0/miranda/openwrt/staging_dir/host/bin/perl
ac_cv_path_SED=/mnt/md0/miranda/openwrt/staging_dir/host/bin/sed
ac_cv_path_install='/mnt/md0/miranda/openwrt/staging_dir/host/bin/install -c'
ac_cv_path_lt_DD=/usr/bin/dd
ac_cv_path_mkdir=/usr/bin/mkdir
ac_cv_prog_AR=mips-openwrt-linux-musl-gcc-ar
ac_cv_prog_AWK=gawk
ac_cv_prog_CC=mips-openwrt-linux-musl-gcc
ac_cv_prog_CC_FOR_BUILD=gcc
ac_cv_prog_LEX=flex
ac_cv_prog_OBJDUMP=mips-openwrt-linux-musl-objdump
ac_cv_prog_RANLIB=mips-openwrt-linux-musl-gcc-ranlib
ac_cv_prog_STRIP=mips-openwrt-linux-musl-strip
ac_cv_prog_YACC='bison -y'
ac_cv_prog_ac_ct_FILECMD=file
ac_cv_prog_ac_ct_MANIFEST_TOOL=mt
ac_cv_prog_cc_c11=
ac_cv_prog_cc_g=yes
ac_cv_prog_cc_stdc=
ac_cv_prog_lex_root=lex.yy
ac_cv_prog_lex_yytext_pointer=yes
ac_cv_prog_make_make_set=yes
ac_cv_regexec_segfault_emptystr=no
ac_cv_sctp=no
ac_cv_search_yywrap=no
ac_cv_sizeof___int64=0
ac_cv_sizeof_char=1
ac_cv_sizeof_int16_t=2
ac_cv_sizeof_int32_t=4
ac_cv_sizeof_int64_t=8
ac_cv_sizeof_int=4
ac_cv_sizeof_long=4
ac_cv_sizeof_long_int=4
ac_cv_sizeof_long_long=8
ac_cv_sizeof_off_t=8
ac_cv_sizeof_short=2
ac_cv_sizeof_short_int=2
ac_cv_sizeof_size_t=4
ac_cv_sizeof_ssize_t=4
ac_cv_sizeof_u_int16_t=2
ac_cv_sizeof_u_int32_t=4
ac_cv_sizeof_u_int64_t=8
ac_cv_sizeof_uint16_t=2
ac_cv_sizeof_uint32_t=4
ac_cv_sizeof_uint64_t=8
ac_cv_sizeof_unsigned_int=4
ac_cv_sizeof_unsigned_long=4
ac_cv_sizeof_unsigned_long_long=8
ac_cv_sizeof_unsigned_short=2
ac_cv_sizeof_void_p=4
ac_cv_sys_restartable_syscalls=yes
ac_cv_target=mips-openwrt-linux-gnu
ac_cv_time_r_type=POSIX
ac_cv_type_suseconds_t=yes
ac_cv_uchar=no
ac_cv_uint64_t=yes
ac_cv_uint=yes
ac_cv_ulong=yes
ac_cv_ushort=yes
ac_cv_va_copy=C99
ac_cv_va_val_copy=yes
am_cv_CC_dependencies_compiler_type=none
am_cv_make_support_nested_variables=yes
am_cv_prog_cc_c_o=yes
as_cv_unaligned_access=yes
lt_cv_ar_at_file=@
lt_cv_archive_cmds_need_lc=no
lt_cv_deplibs_check_method=pass_all
lt_cv_file_magic_cmd='$MAGIC_CMD'
lt_cv_file_magic_test_file=
lt_cv_ld_reload_flag=-r
lt_cv_nm_interface='BSD nm'
lt_cv_objdir=.libs
lt_cv_path_LD=mips-openwrt-linux-musl-ld
lt_cv_path_NM=mips-openwrt-linux-musl-gcc-nm
lt_cv_path_mainfest_tool=no
lt_cv_prog_compiler_c_o=yes
lt_cv_prog_compiler_pic='-fPIC -DPIC'
lt_cv_prog_compiler_pic_works=yes
lt_cv_prog_compiler_rtti_exceptions=no
lt_cv_prog_compiler_static_works=yes
lt_cv_prog_gnu_ld=yes
lt_cv_sharedlib_from_linklib_cmd='printf %s\n'
lt_cv_shlibpath_overrides_runpath=no
lt_cv_sys_global_symbol_pipe='/mnt/md0/miranda/openwrt/staging_dir/host/bin/sed -n -e '\''s/^.*[	 ]\([ABCDGIRSTW][ABCDGIRSTW]*\)[	 ][	 ]*\([_A-Za-z][_A-Za-z0-9]*\)$/\1 \2 \2/p'\'' | /mnt/md0/miranda/openwrt/staging_dir/host/bin/sed '\''/ __gnu_lto/d'\'''
lt_cv_sys_global_symbol_to_c_name_address='/mnt/md0/miranda/openwrt/staging_dir/host/bin/sed -n -e '\''s/^: \(.*\) .*$/  {"\1", (void *) 0},/p'\'' -e '\''s/^[ABCDGIRSTW][ABCDGIRSTW]* .* \(.*\)$/  {"\1", (void *) \&\1},/p'\'''
lt_cv_sys_global_symbol_to_c_name_address_lib_prefix='/mnt/md0/miranda/openwrt/staging_dir/host/bin/sed -n -e '\''s/^: \(.*\) .*$/  {"\1", (void *) 0},/p'\'' -e '\''s/^[ABCDGIRSTW][ABCDGIRSTW]* .* \(lib.*\)$/  {"\1", (void *) \&\1},/p'\'' -e '\''s/^[ABCDGIRSTW][ABCDGIRSTW]* .* \(.*\)$/  {"lib\1", (void *) \&\1},/p'\'''
lt_cv_sys_global_symbol_to_cdecl='/mnt/md0/miranda/openwrt/staging_dir/host/bin/sed -n -e '\''s/^T .* \(.*\)$/extern int \1();/p'\'' -e '\''s/^[ABCDGIRSTW][ABCDGIRSTW]* .* \(.*\)$/extern char \1;/p'\'''
lt_cv_sys_global_symbol_to_import=
lt_cv_sys_max_cmd_len=1572864
lt_cv_to_host_file_cmd=func_convert_file_noop
lt_cv_to_tool_file_cmd=func_convert_file_noop
lt_cv_truncate_bin='/usr/bin/dd bs=4096 count=1'

## ----------------- ##
## Output variables. ##
## ----------------- ##

ACLOCAL='${SHELL} '\''/mnt/md0/miranda/openwrt/build_dir/target-mips_24kc_musl/linux-ath79_generic/linux-atm-2.5.2/missing'\'' aclocal-1.16'
AMDEPBACKSLASH=''
AMDEP_FALSE=''
AMDEP_TRUE='#'
AMTAR='$${TAR-tar}'
AM_BACKSLASH='\'
AM_DEFAULT_V='$(AM_DEFAULT_VERBOSITY)'
AM_DEFAULT_VERBOSITY='1'
AM_V='$(shell if ( test "x$(V)" = "x0" ); then echo 0; elif ( test "x$(V)" = "x" ); then echo $(AM_DEFAULT_VERBOSITY); else echo 1; fi)'
AR='mips-openwrt-linux-musl-gcc-ar'
AUTOCONF='${SHELL} '\''/mnt/md0/miranda/openwrt/build_dir/target-mips_24kc_musl/linux-ath79_generic/linux-atm-2.5.2/missing'\'' autoconf'
AUTOHEADER='${SHELL} '\''/mnt/md0/miranda/openwrt/build_dir/target-mips_24kc_musl/linux-ath79_generic/linux-atm-2.5.2/missing'\'' autoheader'
AUTOMAKE='${SHELL} '\''/mnt/md0/miranda/openwrt/build_dir/target-mips_24kc_musl/linux-ath79_generic/linux-atm-2.5.2/missing'\'' automake-1.16'
AWK='gawk'
CC='mips-openwrt-linux-musl-gcc'
CCDEPMODE='depmode=none'
CC_FOR_BUILD='gcc'
CFLAGS='-I$(top_srcdir)/src/include -Os -pipe -mno-branch-likely -mips32r2 -mtune=24kc -fno-caller-saves -fno-plt -fhonour-copts -msoft-float -fmacro-prefix-map=/mnt/md0/miranda/openwrt/build_dir/target-mips_24kc_musl/linux-ath79_generic/linux-atm-2.5.2=linux-atm-2.5.2 -mips16 -minterlink-mips16 -Wformat -Werror=format-security -fstack-protector -D_FORTIFY_SOURCE=1 -Wl,-z,now -Wl,-z,relro  -Wall -Wshadow -Wpointer-arith -Wwrite-strings -Wstrict-prototypes'
CFLAGS_FOR_BUILD='-I$(top_srcdir)/src/include  -Wall -Wshadow -Wpointer-arith -Wwrite-strings -Wstrict-prototypes'
CPPFLAGS='-I/mnt/md0/miranda/openwrt/staging_dir/toolchain-mips_24kc_gcc-12.3.0_musl/usr/include -I/mnt/md0/miranda/openwrt/staging_dir/toolchain-mips_24kc_gcc-12.3.0_musl/include/fortify -I/mnt/md0/miranda/openwrt/staging_dir/toolchain-mips_24kc_gcc-12.3.0_musl/include '
CSCOPE='cscope'
CTAGS='ctags'
CYGPATH_W='echo'
DEFS='-DHAVE_CONFIG_H'
DEPDIR='.deps'
DLLTOOL='false'
DSYMUTIL=''
DUMPBIN=''
ECHO_C=''
ECHO_N='-n'
ECHO_T=''
EGREP='/mnt/md0/miranda/openwrt/staging_dir/host/bin/grep -E'
ETAGS='etags'
EXEEXT=''
FGREP='/mnt/md0/miranda/openwrt/staging_dir/host/bin/grep -F'
FILECMD='file'
GREP='/mnt/md0/miranda/openwrt/staging_dir/host/bin/grep'
INSTALL_DATA='${INSTALL} -m 644'
INSTALL_PROGRAM='${INSTALL}'
INSTALL_SCRIPT='${INSTALL}'
INSTALL_STRIP_PROGRAM='$(install_sh) -c -s'
LD='mips-openwrt-linux-musl-ld'
LDFLAGS='-L/mnt/md0/miranda/openwrt/staging_dir/toolchain-mips_24kc_gcc-12.3.0_musl/usr/lib -L/mnt/md0/miranda/openwrt/staging_dir/toolchain-mips_24kc_gcc-12.3.0_musl/lib -znow -zrelro '
LEX='flex'
LEXLIB=''
LEX_OUTPUT_ROOT='lex.yy'
LIBOBJS=''
LIBS=''
LIBTOOL='$(SHELL) $(top_builddir)/libtool'
LIBTOOL_DEPS='.//ltmain.sh'
LIBVER_AGE='0'
LIBVER_CURRENT='1'
LIBVER_REVISION='0'
LIPO=''
LN_S='ln -s'
LTLIBOBJS=''
LT_SYS_LIBRARY_PATH=''
MAKEINFO='${SHELL} '\''/mnt/md0/miranda/openwrt/build_dir/target-mips_24kc_musl/linux-ath79_generic/linux-atm-2.5.2/missing'\'' makeinfo'
MANIFEST_TOOL=':'
MKDIR_P='/usr/bin/mkdir -p'
NM='mips-openwrt-linux-musl-gcc-nm'
NMEDIT=''
OBJDUMP='mips-openwrt-linux-musl-objdump'
OBJEXT='o'
OTOOL64=''
OTOOL=''
PACKAGE='linux-atm'
PACKAGE_BUGREPORT=''
PACKAGE_NAME=''
PACKAGE_STRING=''
PACKAGE_TARNAME=''
PACKAGE_URL=''
PACKAGE_VERSION=''
PATH_SEPARATOR=':'
PERL='/mnt/md0/miranda/openwrt/staging_dir/host/bin/perl'
RANLIB='mips-openwrt-linux-musl-gcc-ranlib'
SED='/mnt/md0/miranda/openwrt/staging_dir/host/bin/sed'
SET_MAKE=''
SHELL='/bin/bash'
STRIP='mips-openwrt-linux-musl-strip'
VERSION='2.5.2'
YACC='bison -y -d'
YFLAGS=''
ac_ct_AR=''
ac_ct_CC=''
ac_ct_DUMPBIN=''
am__EXEEXT_FALSE=''
am__EXEEXT_TRUE='#'
am__fastdepCC_FALSE=''
am__fastdepCC_TRUE='#'
am__include='include'
am__isrc=''
am__leading_dot='.'
am__nodep=''
am__quote=''
am__tar='$${TAR-tar} chof - "$$tardir"'
am__untar='$${TAR-tar} xf -'
atmoamd=''
bindir='/usr/bin'
build='x86_64-pc-linux-gnu'
build_alias='x86_64-pc-linux-gnu'
build_cpu='x86_64'
build_os='linux-gnu'
build_vendor='pc'
datadir='/usr/share'
datarootdir='${prefix}/share'
docdir='${datarootdir}/doc/${PACKAGE}'
dvidir='${docdir}'
exec_prefix='/usr'
host='mips-openwrt-linux-gnu'
host_alias='mips-openwrt-linux'
host_cpu='mips'
host_os='linux-gnu'
host_vendor='openwrt'
htmldir='${docdir}'
includedir='${prefix}/include'
infodir='/usr/info'
install_sh='${SHELL} /mnt/md0/miranda/openwrt/build_dir/target-mips_24kc_musl/linux-ath79_generic/linux-atm-2.5.2/install-sh'
libdir='${exec_prefix}/lib'
libexecdir='/usr/lib'
localedir='${datarootdir}/locale'
localstatedir='/var'
mandir='/usr/man'
mkdir_p='$(MKDIR_P)'
oldincludedir='/usr/include'
pdfdir='${docdir}'
pmp_send=''
prefix='/usr'
program_transform_name='s&$$&&;s&^&&'
psdir='${docdir}'
runstatedir='${localstatedir}/run'
sbindir='/usr/sbin'
sharedstatedir='${prefix}/com'
sysconfdir='/etc'
target='mips-openwrt-linux-gnu'
target_alias='mips-openwrt-linux'
target_cpu='mips'
target_os='linux-gnu'
target_vendor='openwrt'

## ----------- ##
## confdefs.h. ##
## ----------- ##

/* confdefs.h */
#define PACKAGE_NAME ""
#define PACKAGE_TARNAME ""
#define PACKAGE_VERSION ""
#define PACKAGE_STRING ""
#define PACKAGE_BUGREPORT ""
#define PACKAGE_URL ""
#define PACKAGE "linux-atm"
#define VERSION "2.5.2"
#define YYTEXT_POINTER 1
#define HAVE_STDIO_H 1
#define HAVE_STDLIB_H 1
#define HAVE_STRING_H 1
#define HAVE_INTTYPES_H 1
#define HAVE_STDINT_H 1
#define HAVE_STRINGS_H 1
#define HAVE_SYS_STAT_H 1
#define HAVE_SYS_TYPES_H 1
#define HAVE_UNISTD_H 1
#define STDC_HEADERS 1
#define HAVE_DLFCN_H 1
#define LT_OBJDIR ".libs/"
#define HAVE_LIBRESOLV 1
#define YY_USE_CONST /**/
#define ATMSIGD_CONF "/etc/atmsigd.conf"
#define DYNAMIC_UNI 1
#define BROKEN_POLL /**/

configure: exit 0
